
================================================================
======== FXServer starting - 27/09/2021, 2:24:40 am
================================================================
[38;5;161m[    c-scripting-core] Creating script environments for _cfx_internal
[38;5;73m[ citizen-server-impl] Scanning resources.
[38;5;73m[ citizen-server-impl] Found 112 resources.
[38;5;66m[          svadhesive] Authenticating server license key...
[38;5;66m[          svadhesive] Server license key authentication succeeded. Welcome!
[38;5;161m[    c-scripting-core] Creating script environments for sessionmanager
[38;5;73m[ citizen-server-impl] Started resource sessionmanager
[38;5;161m[    c-scripting-core] Creating script environments for monitor
[38;5;84m[      script:monitor] [txAdminClient] Version 4.5.0 starting...
[38;5;73m[ citizen-server-impl] Started resource monitor
[38;5;161m[    c-scripting-core] Creating script environments for mapmanager
[38;5;73m[ citizen-server-impl] Started resource mapmanager
[38;5;161m[    c-scripting-core] Creating script environments for yarn
[38;5;73m[ citizen-server-impl] Started resource yarn
[38;5;161m[    c-scripting-core] Creating script environments for webpack
[38;5;73m[ citizen-server-impl] Started resource webpack
[38;5;161m[    c-scripting-core] Creating script environments for chat
[38;5;73m[ citizen-server-impl] Started resource chat
[38;5;73m[ citizen-server-impl] Started resource spawnmanager
[38;5;154m[   script:mapmanager] Started gametype Freeroam
[38;5;73m[ citizen-server-impl] Started resource basic-gamemode
[38;5;161m[    c-scripting-core] Creating script environments for hardcap
[38;5;73m[ citizen-server-impl] Started resource hardcap
[38;5;161m[    c-scripting-core] Creating script environments for baseevents
[38;5;73m[ citizen-server-impl] Started resource baseevents
[38;5;161m[    c-scripting-core] Creating script environments for oxmysql
[38;5;73m[ citizen-server-impl] Started resource oxmysql
[38;5;73m[ citizen-server-impl] Started resource progressbar
[38;5;161m[    c-scripting-core] Creating script environments for connectqueue
[38;5;173m[ script:connectqueue] QUEUE:  [connectqueue] Disabling hardcap 
[38;5;73m[ citizen-server-impl] Stopping resource hardcap
[38;5;73m[ citizen-server-impl] Started resource connectqueue
[38;5;161m[    c-scripting-core] Creating script environments for qb-core
[38;5;73m[ citizen-server-impl] Started resource qb-core
[38;5;73m[ citizen-server-impl] Started resource menuv
[38;5;161m[    c-scripting-core] Creating script environments for qb-adminmenu
[38;5;73m[ citizen-server-impl] Started resource qb-adminmenu
[38;5;161m[    c-scripting-core] Creating script environments for qb-afk
[38;5;73m[ citizen-server-impl] Started resource qb-afk
[38;5;161m[    c-scripting-core] Creating script environments for qb-ambulancejob
[38;5;73m[ citizen-server-impl] Started resource qb-ambulancejob
[38;5;161m[    c-scripting-core] Creating script environments for qb-anticheat
[38;5;73m[ citizen-server-impl] Started resource qb-anticheat
[38;5;73m[ citizen-server-impl] Asset qb-interior/frankelientje.ydr uses 27.2 MiB of physical memory.
[38;5;73m[ citizen-server-impl] Asset qb-interior/methlab_shell.ytd uses 23.0 MiB of physical memory.
[38;5;73m[ citizen-server-impl] Asset qb-interior/micheal_shell.ydr uses 30.5 MiB of physical memory.
[38;5;73m[ citizen-server-impl] Started resource qb-interior
[38;5;161m[    c-scripting-core] Creating script environments for qb-clothing
[38;5;73m[ citizen-server-impl] Started resource qb-clothing
[38;5;161m[    c-scripting-core] Creating script environments for qb-weathersync
[38;5;73m[ citizen-server-impl] Started resource qb-weathersync
[38;5;161m[    c-scripting-core] Creating script environments for qb-apartments
[38;5;73m[ citizen-server-impl] Started resource qb-apartments
[38;5;161m[    c-scripting-core] Creating script environments for qb-atms
[38;5;73m[ citizen-server-impl] Started resource qb-atms
[38;5;161m[    c-scripting-core] Creating script environments for qb-banking
[38;5;73m[ citizen-server-impl] Started resource qb-banking
[38;5;161m[    c-scripting-core] Creating script environments for qb-bankrobbery
[38;5;73m[ citizen-server-impl] Started resource qb-bankrobbery
[38;5;161m[    c-scripting-core] Creating script environments for qb-blackjack
[38;5;73m[ citizen-server-impl] Asset qb-blackjack/s_f_y_casino_01.ytd uses 20.0 MiB of physical memory.
[38;5;73m[ citizen-server-impl] Asset qb-blackjack/s_m_y_casino_01.ytd uses 20.2 MiB of physical memory.
[38;5;73m[ citizen-server-impl] Started resource qb-blackjack
[38;5;161m[    c-scripting-core] Creating script environments for qb-bossmenu
[38;5;73m[ citizen-server-impl] Started resource qb-bossmenu
[38;5;161m[    c-scripting-core] Creating script environments for qb-builderjob
[38;5;73m[ citizen-server-impl] Started resource qb-builderjob
[38;5;161m[    c-scripting-core] Creating script environments for qb-carwash
[38;5;73m[ citizen-server-impl] Started resource qb-carwash
[38;5;161m[    c-scripting-core] Creating script environments for qb-casino
[38;5;73m[ citizen-server-impl] Started resource qb-casino
[38;5;161m[    c-scripting-core] Creating script environments for qb-cityhall
[38;5;73m[ citizen-server-impl] Started resource qb-cityhall
[38;5;161m[    c-scripting-core] Creating script environments for qb-coke
[38;5;73m[ citizen-server-impl] Started resource qb-coke
[38;5;161m[    c-scripting-core] Creating script environments for qb-commandbinding
[38;5;73m[ citizen-server-impl] Started resource qb-commandbinding
[38;5;73m[ citizen-server-impl] Started resource qb-crafting
[38;5;73m[ citizen-server-impl] Started resource mhacking
[38;5;161m[    c-scripting-core] Creating script environments for qb-crypto
[38;5;73m[ citizen-server-impl] Started resource qb-crypto
[38;5;161m[    c-scripting-core] Creating script environments for qb-customs
[38;5;73m[ citizen-server-impl] Started resource qb-customs
[38;5;161m[    c-scripting-core] Creating script environments for qb-diving
[38;5;73m[ citizen-server-impl] Started resource qb-diving
[38;5;161m[    c-scripting-core] Creating script environments for qb-doorlock
[38;5;73m[ citizen-server-impl] Started resource qb-doorlock
[38;5;161m[    c-scripting-core] Creating script environments for qb-drugs
[38;5;73m[ citizen-server-impl] Started resource qb-drugs
[38;5;161m[    c-scripting-core] Creating script environments for qb-fitbit
[38;5;73m[ citizen-server-impl] Started resource qb-fitbit
[38;5;161m[    c-scripting-core] Creating script environments for qb-gangmenu
[38;5;73m[ citizen-server-impl] Started resource qb-gangmenu
[38;5;161m[    c-scripting-core] Creating script environments for qb-garages
[38;5;73m[ citizen-server-impl] Started resource qb-garages
[38;5;161m[    c-scripting-core] Creating script environments for qb-garbagejob
[38;5;73m[ citizen-server-impl] Started resource qb-garbagejob
[38;5;161m[    c-scripting-core] Creating script environments for qb-hotdogjob
[38;5;73m[ citizen-server-impl] Started resource qb-hotdogjob
[38;5;161m[    c-scripting-core] Creating script environments for qb-houserobbery
[38;5;73m[ citizen-server-impl] Started resource qb-houserobbery
[38;5;161m[    c-scripting-core] Creating script environments for qb-houses
[38;5;73m[ citizen-server-impl] Started resource qb-houses
[38;5;161m[    c-scripting-core] Creating script environments for qb-hud
[38;5;73m[ citizen-server-impl] Started resource qb-hud
[38;5;161m[    c-scripting-core] Creating script environments for qb-ifruitstore
[38;5;73m[ citizen-server-impl] Started resource qb-ifruitstore
[38;5;161m[    c-scripting-core] Creating script environments for qb-weapons
[38;5;73m[ citizen-server-impl] Started resource qb-weapons
[38;5;161m[    c-scripting-core] Creating script environments for qb-inventory
[38;5;73m[ citizen-server-impl] Started resource qb-inventory
[38;5;161m[    c-scripting-core] Creating script environments for qb-jewelery
[38;5;73m[ citizen-server-impl] Started resource qb-jewelery
[38;5;73m[ citizen-server-impl] Started resource qb-keyminigame
[38;5;161m[    c-scripting-core] Creating script environments for qb-lapraces
[38;5;73m[ citizen-server-impl] Started resource qb-lapraces
[38;5;161m[    c-scripting-core] Creating script environments for qb-lawyerjob
[38;5;73m[ citizen-server-impl] Started resource qb-lawyerjob
[38;5;73m[ citizen-server-impl] Started resource qb-lockpick
[38;5;161m[    c-scripting-core] Creating script environments for qb-logs
[38;5;73m[ citizen-server-impl] Started resource qb-logs
[38;5;161m[    c-scripting-core] Creating script environments for qb-mechanicjob
[38;5;73m[ citizen-server-impl] Started resource qb-mechanicjob
[38;5;161m[    c-scripting-core] Creating script environments for qb-methlab
[38;5;73m[ citizen-server-impl] Started resource qb-methlab
[38;5;161m[    c-scripting-core] Creating script environments for qb-spawn
[38;5;73m[ citizen-server-impl] Started resource qb-spawn
[38;5;161m[    c-scripting-core] Creating script environments for qb-multicharacter
[38;5;73m[ citizen-server-impl] Started resource qb-multicharacter
[38;5;161m[    c-scripting-core] Creating script environments for qb-newsjob
[38;5;73m[ citizen-server-impl] Started resource qb-newsjob
[38;5;161m[    c-scripting-core] Creating script environments for qb-oxyrun
[38;5;73m[ citizen-server-impl] Started resource qb-oxyrun
[38;5;161m[    c-scripting-core] Creating script environments for qb-pawnshop
[38;5;73m[ citizen-server-impl] Started resource qb-pawnshop
[38;5;161m[    c-scripting-core] Creating script environments for qb-phone
[38;5;73m[ citizen-server-impl] Started resource qb-phone
[38;5;161m[    c-scripting-core] Creating script environments for qb-policejob
[38;5;73m[ citizen-server-impl] Started resource qb-policejob
[38;5;161m[    c-scripting-core] Creating script environments for qb-prison
[38;5;73m[ citizen-server-impl] Started resource qb-prison
[38;5;161m[    c-scripting-core] Creating script environments for qb-radialmenu
[38;5;73m[ citizen-server-impl] Started resource qb-radialmenu
[38;5;161m[    c-scripting-core] Creating script environments for qb-recyclejob
[38;5;73m[ citizen-server-impl] Started resource qb-recyclejob
[38;5;161m[    c-scripting-core] Creating script environments for qb-scoreboard
[38;5;73m[ citizen-server-impl] Started resource qb-scoreboard
[38;5;161m[    c-scripting-core] Creating script environments for qb-scrapyard
[38;5;73m[ citizen-server-impl] Started resource qb-scrapyard
[38;5;161m[    c-scripting-core] Creating script environments for qb-shops
[38;5;73m[ citizen-server-impl] Started resource qb-shops
[38;5;161m[    c-scripting-core] Creating script environments for qb-skillbar
[38;5;73m[ citizen-server-impl] Started resource qb-skillbar
[38;5;161m[    c-scripting-core] Creating script environments for qb-smallresources
[38;5;73m[ citizen-server-impl] Started resource qb-smallresources
[38;5;161m[    c-scripting-core] Creating script environments for qb-storerobbery
[38;5;73m[ citizen-server-impl] Started resource qb-storerobbery
[38;5;161m[    c-scripting-core] Creating script environments for qb-streetraces
[38;5;73m[ citizen-server-impl] Started resource qb-streetraces
[38;5;161m[    c-scripting-core] Creating script environments for qb-taxijob
[38;5;73m[ citizen-server-impl] Started resource qb-taxijob
[38;5;161m[    c-scripting-core] Creating script environments for qb-towjob
[38;5;73m[ citizen-server-impl] Started resource qb-towjob
[38;5;161m[    c-scripting-core] Creating script environments for qb-traphouse
[38;5;73m[ citizen-server-impl] Started resource qb-traphouse
[38;5;161m[    c-scripting-core] Creating script environments for qb-truckerjob
[38;5;73m[ citizen-server-impl] Started resource qb-truckerjob
[38;5;161m[    c-scripting-core] Creating script environments for qb-truckrobbery
[38;5;73m[ citizen-server-impl] Started resource qb-truckrobbery
[38;5;161m[    c-scripting-core] Creating script environments for qb-tunerchip
[38;5;73m[ citizen-server-impl] Started resource qb-tunerchip
[38;5;161m[    c-scripting-core] Creating script environments for qb-vehiclefailure
[38;5;73m[ citizen-server-impl] Started resource qb-vehiclefailure
[38;5;161m[    c-scripting-core] Creating script environments for qb-vehiclekeys
[38;5;73m[ citizen-server-impl] Started resource qb-vehiclekeys
[38;5;161m[    c-scripting-core] Creating script environments for qb-vehiclesales
[38;5;73m[ citizen-server-impl] Started resource qb-vehiclesales
[38;5;161m[    c-scripting-core] Creating script environments for qb-vehicleshop
[38;5;73m[ citizen-server-impl] Started resource qb-vehicleshop
[38;5;161m[    c-scripting-core] Creating script environments for qb-vineyard
[38;5;73m[ citizen-server-impl] Started resource qb-vineyard
[38;5;161m[    c-scripting-core] Creating script environments for qb-weed
[38;5;73m[ citizen-server-impl] Started resource qb-weed
[38;5;73m[ citizen-server-impl] Stopping resource qb-shops
[38;5;73m[ citizen-server-impl] Stopping resource qb-inventory
[38;5;161m[    c-scripting-core] Creating script environments for LegacyFuel
[38;5;73m[ citizen-server-impl] Started resource LegacyFuel
[38;5;161m[    c-scripting-core] Creating script environments for aj-inventory
[38;5;73m[ citizen-server-impl] Started resource aj-inventory
[38;5;161m[    c-scripting-core] Creating script environments for cosmo_hud
[38;5;73m[ citizen-server-impl] Started resource cosmo_hud
[38;5;161m[    c-scripting-core] Creating script environments for crosshair
[38;5;73m[ citizen-server-impl] Started resource crosshair
[38;5;161m[    c-scripting-core] Creating script environments for dpemotes
[38;5;133m[     script:dpemotes] [dp] Sql Keybinding is turned off, if you want to enable /emotebind, import dpkeybinding.sql and set SqlKeybinding = true in config.lua.
[38;5;73m[ citizen-server-impl] Started resource dpemotes
[38;5;161m[    c-scripting-core] Creating script environments for interact-sound
[38;5;73m[ citizen-server-impl] Started resource interact-sound
[38;5;73m[ citizen-server-impl] Started resource safecracker
[38;5;161m[    c-scripting-core] Creating script environments for pma-voice
[38;5;73m[ citizen-server-impl] Started resource pma-voice
[38;5;161m[    c-scripting-core] Creating script environments for qb-radio
[38;5;73m[ citizen-server-impl] Started resource qb-radio
[38;5;161m[    c-scripting-core] Creating script environments for PLOKS_CARS
[38;5;73m[ citizen-server-impl] Asset PLOKS_CARS/09tahoe.ytd uses 76.0 MiB of physical memory. Oversized assets can and WILL lead to streaming issues (models not loading/rendering, commonly known as 'texture loss', 'city bug' or 'streaming isn't great').
[38;5;73m[ citizen-server-impl] Asset PLOKS_CARS/1310.ytd uses 24.5 MiB of physical memory.
[38;5;73m[ citizen-server-impl] Asset PLOKS_CARS/15tahoe.ytd uses 22.0 MiB of physical memory.
[38;5;73m[ citizen-server-impl] Asset PLOKS_CARS/16challenger.ytd uses 240.0 MiB of physical memory. Oversized assets can and WILL lead to streaming issues (models not loading/rendering, commonly known as 'texture loss', 'city bug' or 'streaming isn't great').
[38;5;73m[ citizen-server-impl] Asset PLOKS_CARS/17civict.yft uses 21.4 MiB of virtual memory.
[38;5;73m[ citizen-server-impl] Asset PLOKS_CARS/17civict_hi.yft uses 21.4 MiB of virtual memory.
[38;5;73m[ citizen-server-impl] Asset PLOKS_CARS/180sx.yft uses 27.2 MiB of virtual memory.
[38;5;73m[ citizen-server-impl] Asset PLOKS_CARS/180sx.ytd uses 95.0 MiB of physical memory. Oversized assets can and WILL lead to streaming issues (models not loading/rendering, commonly known as 'texture loss', 'city bug' or 'streaming isn't great').
[38;5;73m[ citizen-server-impl] Asset PLOKS_CARS/180sx_hi.yft uses 27.2 MiB of virtual memory.
[38;5;73m[ citizen-server-impl] Asset PLOKS_CARS/2020ss.ytd uses 56.0 MiB of physical memory. Oversized assets can and WILL lead to streaming issues (models not loading/rendering, commonly known as 'texture loss', 'city bug' or 'streaming isn't great').
[38;5;73m[ citizen-server-impl] Asset PLOKS_CARS/650s.ytd uses 76.0 MiB of physical memory. Oversized assets can and WILL lead to streaming issues (models not loading/rendering, commonly known as 'texture loss', 'city bug' or 'streaming isn't great').
[38;5;73m[ citizen-server-impl] Asset PLOKS_CARS/675lt.ytd uses 41.0 MiB of physical memory.
[38;5;73m[ citizen-server-impl] Asset PLOKS_CARS/718caymans.ytd uses 25.0 MiB of physical memory.
[38;5;73m[ citizen-server-impl] Asset PLOKS_CARS/760li04.ytd uses 58.0 MiB of physical memory. Oversized assets can and WILL lead to streaming issues (models not loading/rendering, commonly known as 'texture loss', 'city bug' or 'streaming isn't great').
[38;5;73m[ citizen-server-impl] Asset PLOKS_CARS/80B4.yft uses 22.5 MiB of virtual memory.
[38;5;73m[ citizen-server-impl] Asset PLOKS_CARS/80B4.ytd uses 29.0 MiB of physical memory.
[38;5;73m[ citizen-server-impl] Asset PLOKS_CARS/99viper.ytd uses 34.2 MiB of physical memory.
[38;5;73m[ citizen-server-impl] Asset PLOKS_CARS/G65.ytd uses 31.2 MiB of physical memory.
[38;5;73m[ citizen-server-impl] Asset PLOKS_CARS/RS72020 _hi.yft uses 17.2 MiB of virtual memory.
[38;5;73m[ citizen-server-impl] Asset PLOKS_CARS/RS72020.yft uses 17.2 MiB of virtual memory.
[38;5;73m[ citizen-server-impl] Asset PLOKS_CARS/Safari97.yft uses 31.5 MiB of virtual memory.
[38;5;73m[ citizen-server-impl] Asset PLOKS_CARS/Safari97.ytd uses 42.0 MiB of physical memory.
[38;5;73m[ citizen-server-impl] Asset PLOKS_CARS/Safari97_hi.yft uses 31.5 MiB of virtual memory.
[38;5;73m[ citizen-server-impl] Asset PLOKS_CARS/aaq4.yft uses 16.8 MiB of virtual memory.
[38;5;73m[ citizen-server-impl] Asset PLOKS_CARS/aaq4.ytd uses 28.5 MiB of physical memory.
[38;5;73m[ citizen-server-impl] Asset PLOKS_CARS/aaq4_hi.yft uses 16.8 MiB of virtual memory.
[38;5;73m[ citizen-server-impl] Asset PLOKS_CARS/ae86.yft uses 27.0 MiB of virtual memory.
[38;5;73m[ citizen-server-impl] Asset PLOKS_CARS/ae86.ytd uses 82.0 MiB of physical memory. Oversized assets can and WILL lead to streaming issues (models not loading/rendering, commonly known as 'texture loss', 'city bug' or 'streaming isn't great').
[38;5;73m[ citizen-server-impl] Asset PLOKS_CARS/ae86_hi.yft uses 27.0 MiB of virtual memory.
[38;5;73m[ citizen-server-impl] Asset PLOKS_CARS/agerars.yft uses 16.6 MiB of virtual memory.
[38;5;73m[ citizen-server-impl] Asset PLOKS_CARS/agerars_hi.yft uses 16.6 MiB of virtual memory.
[38;5;73m[ citizen-server-impl] Asset PLOKS_CARS/amarok.ytd uses 88.0 MiB of physical memory. Oversized assets can and WILL lead to streaming issues (models not loading/rendering, commonly known as 'texture loss', 'city bug' or 'streaming isn't great').
[38;5;73m[ citizen-server-impl] Asset PLOKS_CARS/amggtrr20.yft uses 26.0 MiB of virtual memory.
[38;5;73m[ citizen-server-impl] Asset PLOKS_CARS/amggtrr20.ytd uses 89.0 MiB of physical memory. Oversized assets can and WILL lead to streaming issues (models not loading/rendering, commonly known as 'texture loss', 'city bug' or 'streaming isn't great').
[38;5;73m[ citizen-server-impl] Asset PLOKS_CARS/amggtrr20_hi.yft uses 26.0 MiB of virtual memory.
[38;5;73m[ citizen-server-impl] Asset PLOKS_CARS/audquattros_livery1.yft uses 32.0 MiB of physical memory.
[38;5;73m[ citizen-server-impl] Asset PLOKS_CARS/audquattros_livery2.yft uses 32.0 MiB of physical memory.
[38;5;73m[ citizen-server-impl] Asset PLOKS_CARS/bbentayga.yft uses 23.6 MiB of virtual memory.
[38;5;73m[ citizen-server-impl] Asset PLOKS_CARS/bbentayga_hi.yft uses 23.6 MiB of virtual memory.
[38;5;73m[ citizen-server-impl] Asset PLOKS_CARS/bmci.yft uses 26.2 MiB of virtual memory.
[38;5;73m[ citizen-server-impl] Asset PLOKS_CARS/bmci.ytd uses 41.5 MiB of physical memory.
[38;5;73m[ citizen-server-impl] Asset PLOKS_CARS/bmci_hi.yft uses 26.2 MiB of virtual memory.
[38;5;73m[ citizen-server-impl] Asset PLOKS_CARS/bolide.ytd uses 24.0 MiB of physical memory.
[38;5;73m[ citizen-server-impl] Asset PLOKS_CARS/bride_blue.yft uses 16.1 MiB of physical memory.
[38;5;73m[ citizen-server-impl] Asset PLOKS_CARS/bride_hks.yft uses 16.1 MiB of physical memory.
[38;5;73m[ citizen-server-impl] Asset PLOKS_CARS/bride_red.yft uses 16.1 MiB of physical memory.
[38;5;73m[ citizen-server-impl] Asset PLOKS_CARS/bride_trash.yft uses 16.1 MiB of physical memory.
[38;5;73m[ citizen-server-impl] Asset PLOKS_CARS/brides_red.yft uses 16.1 MiB of physical memory.
[38;5;73m[ citizen-server-impl] Asset PLOKS_CARS/c6320.yft uses 31.0 MiB of virtual memory.
[38;5;73m[ citizen-server-impl] Asset PLOKS_CARS/c6320.ytd uses 58.2 MiB of physical memory. Oversized assets can and WILL lead to streaming issues (models not loading/rendering, commonly known as 'texture loss', 'city bug' or 'streaming isn't great').
[38;5;73m[ citizen-server-impl] Asset PLOKS_CARS/c6320_hi.yft uses 31.0 MiB of virtual memory.
[38;5;73m[ citizen-server-impl] Asset PLOKS_CARS/cam8tun.yft uses 16.5 MiB of virtual memory.
[38;5;73m[ citizen-server-impl] Asset PLOKS_CARS/cam8tun.ytd uses 27.5 MiB of physical memory.
[38;5;73m[ citizen-server-impl] Asset PLOKS_CARS/cam8tun_hi.yft uses 16.5 MiB of virtual memory.
[38;5;73m[ citizen-server-impl] Asset PLOKS_CARS/cats.yft uses 18.5 MiB of virtual memory.
[38;5;73m[ citizen-server-impl] Asset PLOKS_CARS/cats_hi.yft uses 16.2 MiB of virtual memory.
[38;5;73m[ citizen-server-impl] Asset PLOKS_CARS/cesc21.yft uses 26.2 MiB of virtual memory.
[38;5;73m[ citizen-server-impl] Asset PLOKS_CARS/cesc21_hi.yft uses 26.2 MiB of virtual memory.
[38;5;73m[ citizen-server-impl] Asset PLOKS_CARS/cgt.ytd uses 44.0 MiB of physical memory.
[38;5;73m[ citizen-server-impl] Asset PLOKS_CARS/chr20.yft uses 20.8 MiB of virtual memory.
[38;5;73m[ citizen-server-impl] Asset PLOKS_CARS/chr20.ytd uses 230.0 MiB of physical memory. Oversized assets can and WILL lead to streaming issues (models not loading/rendering, commonly known as 'texture loss', 'city bug' or 'streaming isn't great').
[38;5;73m[ citizen-server-impl] Asset PLOKS_CARS/chr20_hi.yft uses 20.8 MiB of virtual memory.
[38;5;73m[ citizen-server-impl] Asset PLOKS_CARS/corvettec5z06+hi.ytd uses 40.0 MiB of physical memory.
[38;5;73m[ citizen-server-impl] Asset PLOKS_CARS/cutlass.ytd uses 26.0 MiB of physical memory.
[38;5;73m[ citizen-server-impl] Asset PLOKS_CARS/dawnonyx.ytd uses 73.0 MiB of physical memory. Oversized assets can and WILL lead to streaming issues (models not loading/rendering, commonly known as 'texture loss', 'city bug' or 'streaming isn't great').
[38;5;73m[ citizen-server-impl] Asset PLOKS_CARS/demon.ytd uses 20.2 MiB of physical memory.
[38;5;73m[ citizen-server-impl] Asset PLOKS_CARS/dragekcivick.yft uses 25.5 MiB of virtual memory.
[38;5;73m[ citizen-server-impl] Asset PLOKS_CARS/dragekcivick.ytd uses 22.5 MiB of physical memory.
[38;5;73m[ citizen-server-impl] Asset PLOKS_CARS/dragekcivick_hi.yft uses 25.5 MiB of virtual memory.
[38;5;73m[ citizen-server-impl] Asset PLOKS_CARS/dragfd.yft uses 16.5 MiB of virtual memory.
[38;5;73m[ citizen-server-impl] Asset PLOKS_CARS/dragfd.ytd uses 54.0 MiB of physical memory. Oversized assets can and WILL lead to streaming issues (models not loading/rendering, commonly known as 'texture loss', 'city bug' or 'streaming isn't great').
[38;5;73m[ citizen-server-impl] Asset PLOKS_CARS/dragfd_hi.yft uses 16.5 MiB of virtual memory.
[38;5;73m[ citizen-server-impl] Asset PLOKS_CARS/e34.ytd uses 54.0 MiB of physical memory. Oversized assets can and WILL lead to streaming issues (models not loading/rendering, commonly known as 'texture loss', 'city bug' or 'streaming isn't great').
[38;5;73m[ citizen-server-impl] Asset PLOKS_CARS/e400.yft uses 27.4 MiB of virtual memory.
[38;5;73m[ citizen-server-impl] Asset PLOKS_CARS/e400.ytd uses 102.0 MiB of physical memory. Oversized assets can and WILL lead to streaming issues (models not loading/rendering, commonly known as 'texture loss', 'city bug' or 'streaming isn't great').
[38;5;73m[ citizen-server-impl] Asset PLOKS_CARS/e400_hi.yft uses 27.4 MiB of virtual memory.
[38;5;73m[ citizen-server-impl] Asset PLOKS_CARS/ep3.ytd uses 31.0 MiB of physical memory.
[38;5;73m[ citizen-server-impl] Asset PLOKS_CARS/f150.ytd uses 74.0 MiB of physical memory. Oversized assets can and WILL lead to streaming issues (models not loading/rendering, commonly known as 'texture loss', 'city bug' or 'streaming isn't great').
[38;5;73m[ citizen-server-impl] Asset PLOKS_CARS/f15078.yft uses 19.8 MiB of virtual memory.
[38;5;73m[ citizen-server-impl] Asset PLOKS_CARS/f15078.ytd uses 52.0 MiB of physical memory. Oversized assets can and WILL lead to streaming issues (models not loading/rendering, commonly known as 'texture loss', 'city bug' or 'streaming isn't great').
[38;5;73m[ citizen-server-impl] Asset PLOKS_CARS/f15078_hi.yft uses 19.8 MiB of virtual memory.
[38;5;73m[ citizen-server-impl] Asset PLOKS_CARS/f150army.yft uses 17.2 MiB of virtual memory.
[38;5;73m[ citizen-server-impl] Asset PLOKS_CARS/f150army.ytd uses 76.0 MiB of physical memory. Oversized assets can and WILL lead to streaming issues (models not loading/rendering, commonly known as 'texture loss', 'city bug' or 'streaming isn't great').
[38;5;73m[ citizen-server-impl] Asset PLOKS_CARS/f150army_hi.yft uses 17.0 MiB of virtual memory.
[38;5;73m[ citizen-server-impl] Asset PLOKS_CARS/f430s.yft uses 16.4 MiB of virtual memory.
[38;5;73m[ citizen-server-impl] Asset PLOKS_CARS/f430s_hi.yft uses 16.4 MiB of virtual memory.
[38;5;73m[ citizen-server-impl] Asset PLOKS_CARS/f812.ytd uses 61.0 MiB of physical memory. Oversized assets can and WILL lead to streaming issues (models not loading/rendering, commonly known as 'texture loss', 'city bug' or 'streaming isn't great').
[38;5;73m[ citizen-server-impl] Asset PLOKS_CARS/fc3s.ytd uses 43.0 MiB of physical memory.
[38;5;73m[ citizen-server-impl] Asset PLOKS_CARS/fct.yft uses 29.2 MiB of virtual memory.
[38;5;73m[ citizen-server-impl] Asset PLOKS_CARS/fct.ytd uses 108.0 MiB of physical memory. Oversized assets can and WILL lead to streaming issues (models not loading/rendering, commonly known as 'texture loss', 'city bug' or 'streaming isn't great').
[38;5;73m[ citizen-server-impl] Asset PLOKS_CARS/fct_hi.yft uses 29.2 MiB of virtual memory.
[38;5;73m[ citizen-server-impl] Asset PLOKS_CARS/fgt.ytd uses 30.5 MiB of physical memory.
[38;5;73m[ citizen-server-impl] Asset PLOKS_CARS/fgt_hi.yft uses 23.0 MiB of virtual memory.
[38;5;73m[ citizen-server-impl] Asset PLOKS_CARS/fk8.ytd uses 41.0 MiB of physical memory.
[38;5;73m[ citizen-server-impl] Asset PLOKS_CARS/fpacehm.yft uses 21.8 MiB of virtual memory.
[38;5;73m[ citizen-server-impl] Asset PLOKS_CARS/fpacehm_hi.yft uses 21.8 MiB of virtual memory.
[38;5;73m[ citizen-server-impl] Asset PLOKS_CARS/fxxk.ytd uses 36.0 MiB of physical memory.
[38;5;73m[ citizen-server-impl] Asset PLOKS_CARS/gl63.yft uses 31.0 MiB of virtual memory.
[38;5;73m[ citizen-server-impl] Asset PLOKS_CARS/gl63.ytd uses 46.0 MiB of physical memory.
[38;5;73m[ citizen-server-impl] Asset PLOKS_CARS/gl63_hi.yft uses 31.0 MiB of virtual memory.
[38;5;73m[ citizen-server-impl] Asset PLOKS_CARS/golf8gti.yft uses 16.8 MiB of virtual memory.
[38;5;73m[ citizen-server-impl] Asset PLOKS_CARS/golf8gti.ytd uses 30.0 MiB of physical memory.
[38;5;73m[ citizen-server-impl] Asset PLOKS_CARS/golf8gti_hi.yft uses 16.8 MiB of virtual memory.
[38;5;73m[ citizen-server-impl] Asset PLOKS_CARS/golfgti7.yft uses 31.0 MiB of virtual memory.
[38;5;73m[ citizen-server-impl] Asset PLOKS_CARS/golfgti72.ytd uses 42.0 MiB of physical memory.
[38;5;73m[ citizen-server-impl] Asset PLOKS_CARS/golfgti7_hi.yft uses 31.0 MiB of virtual memory.
[38;5;73m[ citizen-server-impl] Asset PLOKS_CARS/gsxr19.ytd uses 112.0 MiB of physical memory. Oversized assets can and WILL lead to streaming issues (models not loading/rendering, commonly known as 'texture loss', 'city bug' or 'streaming isn't great').
[38;5;73m[ citizen-server-impl] Asset PLOKS_CARS/gsxr19_livery.ytd uses 96.0 MiB of physical memory. Oversized assets can and WILL lead to streaming issues (models not loading/rendering, commonly known as 'texture loss', 'city bug' or 'streaming isn't great').
[38;5;73m[ citizen-server-impl] Asset PLOKS_CARS/gsxr19_tuning.ytd uses 160.0 MiB of physical memory. Oversized assets can and WILL lead to streaming issues (models not loading/rendering, commonly known as 'texture loss', 'city bug' or 'streaming isn't great').
[38;5;73m[ citizen-server-impl] Asset PLOKS_CARS/gt17.yft uses 17.2 MiB of virtual memory.
[38;5;73m[ citizen-server-impl] Asset PLOKS_CARS/gt17.ytd uses 23.0 MiB of physical memory.
[38;5;73m[ citizen-server-impl] Asset PLOKS_CARS/gt17_hi.yft uses 17.2 MiB of virtual memory.
[38;5;73m[ citizen-server-impl] Asset PLOKS_CARS/gtr96.yft uses 20.5 MiB of virtual memory.
[38;5;73m[ citizen-server-impl] Asset PLOKS_CARS/gtr96.ytd uses 44.0 MiB of physical memory.
[38;5;73m[ citizen-server-impl] Asset PLOKS_CARS/gtr96_livery1.yft uses 32.0 MiB of physical memory.
[38;5;73m[ citizen-server-impl] Asset PLOKS_CARS/gtr96_livery3.yft uses 32.0 MiB of physical memory.
[38;5;73m[ citizen-server-impl] Asset PLOKS_CARS/gtr96_livery4.yft uses 32.0 MiB of physical memory.
[38;5;73m[ citizen-server-impl] Asset PLOKS_CARS/gtr96_livery5.yft uses 32.0 MiB of physical memory.
[38;5;73m[ citizen-server-impl] Asset PLOKS_CARS/gtr96_livery6.yft uses 32.0 MiB of physical memory.
[38;5;73m[ citizen-server-impl] Asset PLOKS_CARS/gtr96_livery7.yft uses 32.0 MiB of physical memory.
[38;5;73m[ citizen-server-impl] Asset PLOKS_CARS/honcrx91.ytd uses 40.0 MiB of physical memory.
[38;5;73m[ citizen-server-impl] Asset PLOKS_CARS/honcrx91_livery1.yft uses 32.0 MiB of physical memory.
[38;5;73m[ citizen-server-impl] Asset PLOKS_CARS/honcrx91_livery2.yft uses 32.0 MiB of physical memory.
[38;5;73m[ citizen-server-impl] Asset PLOKS_CARS/honcrx91_livery3.yft uses 32.0 MiB of physical memory.
[38;5;73m[ citizen-server-impl] Asset PLOKS_CARS/honcrx91_livery4.yft uses 32.0 MiB of physical memory.
[38;5;73m[ citizen-server-impl] Asset PLOKS_CARS/honcrx91_livery5.yft uses 32.0 MiB of physical memory.
[38;5;73m[ citizen-server-impl] Asset PLOKS_CARS/honcrx91_livery6.yft uses 32.0 MiB of physical memory.
[38;5;73m[ citizen-server-impl] Asset PLOKS_CARS/huracanst.ytd uses 40.0 MiB of physical memory.
[38;5;73m[ citizen-server-impl] Asset PLOKS_CARS/i8.ytd uses 128.0 MiB of physical memory. Oversized assets can and WILL lead to streaming issues (models not loading/rendering, commonly known as 'texture loss', 'city bug' or 'streaming isn't great').
[38;5;73m[ citizen-server-impl] Asset PLOKS_CARS/i8_hi.yft uses 20.2 MiB of virtual memory.
[38;5;73m[ citizen-server-impl] Asset PLOKS_CARS/is350mod.ytd uses 92.0 MiB of physical memory. Oversized assets can and WILL lead to streaming issues (models not loading/rendering, commonly known as 'texture loss', 'city bug' or 'streaming isn't great').
[38;5;73m[ citizen-server-impl] Asset PLOKS_CARS/jeep2012.ytd uses 16.5 MiB of physical memory.
[38;5;73m[ citizen-server-impl] Asset PLOKS_CARS/jeepreneg.yft uses 32.2 MiB of virtual memory.
[38;5;73m[ citizen-server-impl] Asset PLOKS_CARS/jeepreneg.ytd uses 46.0 MiB of physical memory.
[38;5;73m[ citizen-server-impl] Asset PLOKS_CARS/jeepreneg_hi.yft uses 32.2 MiB of virtual memory.
[38;5;73m[ citizen-server-impl] Asset PLOKS_CARS/katana.yft uses 17.1 MiB of virtual memory.
[38;5;73m[ citizen-server-impl] Asset PLOKS_CARS/katana2.yft uses 17.1 MiB of virtual memory.
[38;5;73m[ citizen-server-impl] Asset PLOKS_CARS/katana2_hi.yft uses 17.1 MiB of virtual memory.
[38;5;73m[ citizen-server-impl] Asset PLOKS_CARS/katana_hi.yft uses 17.1 MiB of virtual memory.
[38;5;73m[ citizen-server-impl] Asset PLOKS_CARS/laferrari.yft uses 24.2 MiB of virtual memory.
[38;5;73m[ citizen-server-impl] Asset PLOKS_CARS/laferrari.ytd uses 74.0 MiB of physical memory. Oversized assets can and WILL lead to streaming issues (models not loading/rendering, commonly known as 'texture loss', 'city bug' or 'streaming isn't great').
[38;5;73m[ citizen-server-impl] Asset PLOKS_CARS/laferrari_hi.yft uses 24.2 MiB of virtual memory.
[38;5;73m[ citizen-server-impl] Asset PLOKS_CARS/lambose.ytd uses 64.0 MiB of physical memory. Oversized assets can and WILL lead to streaming issues (models not loading/rendering, commonly known as 'texture loss', 'city bug' or 'streaming isn't great').
[38;5;73m[ citizen-server-impl] Asset PLOKS_CARS/logan_hi.yft uses 21.0 MiB of physical memory.
[38;5;73m[ citizen-server-impl] Asset PLOKS_CARS/lp670sv.ytd uses 30.5 MiB of physical memory.
[38;5;73m[ citizen-server-impl] Asset PLOKS_CARS/lp700r.yft uses 20.5 MiB of virtual memory.
[38;5;73m[ citizen-server-impl] Asset PLOKS_CARS/lp700r.ytd uses 61.2 MiB of physical memory. Oversized assets can and WILL lead to streaming issues (models not loading/rendering, commonly known as 'texture loss', 'city bug' or 'streaming isn't great').
[38;5;73m[ citizen-server-impl] Asset PLOKS_CARS/lp700r_hi.yft uses 20.5 MiB of virtual memory.
[38;5;73m[ citizen-server-impl] Asset PLOKS_CARS/m2.yft uses 18.8 MiB of virtual memory.
[38;5;73m[ citizen-server-impl] Asset PLOKS_CARS/m2.ytd uses 130.0 MiB of physical memory. Oversized assets can and WILL lead to streaming issues (models not loading/rendering, commonly known as 'texture loss', 'city bug' or 'streaming isn't great').
[38;5;73m[ citizen-server-impl] Asset PLOKS_CARS/m2_hi.yft uses 18.8 MiB of virtual memory.
[38;5;73m[ citizen-server-impl] Asset PLOKS_CARS/m3e36.ytd uses 114.0 MiB of physical memory. Oversized assets can and WILL lead to streaming issues (models not loading/rendering, commonly known as 'texture loss', 'city bug' or 'streaming isn't great').
[38;5;73m[ citizen-server-impl] Asset PLOKS_CARS/m3e36_2jzgte.yft uses 19.8 MiB of virtual memory.
[38;5;73m[ citizen-server-impl] Asset PLOKS_CARS/m3e92.ytd uses 78.0 MiB of physical memory. Oversized assets can and WILL lead to streaming issues (models not loading/rendering, commonly known as 'texture loss', 'city bug' or 'streaming isn't great').
[38;5;73m[ citizen-server-impl] Asset PLOKS_CARS/m3f80.yft uses 32.2 MiB of virtual memory.
[38;5;73m[ citizen-server-impl] Asset PLOKS_CARS/m3f80.ytd uses 91.5 MiB of physical memory. Oversized assets can and WILL lead to streaming issues (models not loading/rendering, commonly known as 'texture loss', 'city bug' or 'streaming isn't great').
[38;5;73m[ citizen-server-impl] Asset PLOKS_CARS/m3f80_hi.yft uses 32.2 MiB of virtual memory.
[38;5;73m[ citizen-server-impl] Asset PLOKS_CARS/m4f82.ytd uses 164.0 MiB of physical memory. Oversized assets can and WILL lead to streaming issues (models not loading/rendering, commonly known as 'texture loss', 'city bug' or 'streaming isn't great').
[38;5;73m[ citizen-server-impl] Asset PLOKS_CARS/m6f13.yft uses 22.5 MiB of virtual memory.
[38;5;73m[ citizen-server-impl] Asset PLOKS_CARS/m6f13.ytd uses 53.2 MiB of physical memory. Oversized assets can and WILL lead to streaming issues (models not loading/rendering, commonly known as 'texture loss', 'city bug' or 'streaming isn't great').
[38;5;73m[ citizen-server-impl] Asset PLOKS_CARS/m6f13_hi.yft uses 22.5 MiB of virtual memory.
[38;5;73m[ citizen-server-impl] Asset PLOKS_CARS/maj350.ytd uses 40.5 MiB of physical memory.
[38;5;73m[ citizen-server-impl] Asset PLOKS_CARS/maj935.ytd uses 32.5 MiB of physical memory.
[38;5;73m[ citizen-server-impl] Asset PLOKS_CARS/majfd.ytd uses 72.0 MiB of physical memory. Oversized assets can and WILL lead to streaming issues (models not loading/rendering, commonly known as 'texture loss', 'city bug' or 'streaming isn't great').
[38;5;73m[ citizen-server-impl] Asset PLOKS_CARS/mbc63.ytd uses 73.0 MiB of physical memory. Oversized assets can and WILL lead to streaming issues (models not loading/rendering, commonly known as 'texture loss', 'city bug' or 'streaming isn't great').
[38;5;73m[ citizen-server-impl] Asset PLOKS_CARS/miata3.yft uses 16.8 MiB of virtual memory.
[38;5;73m[ citizen-server-impl] Asset PLOKS_CARS/miata3.ytd uses 46.0 MiB of physical memory.
[38;5;73m[ citizen-server-impl] Asset PLOKS_CARS/mig.ytd uses 50.0 MiB of physical memory. Oversized assets can and WILL lead to streaming issues (models not loading/rendering, commonly known as 'texture loss', 'city bug' or 'streaming isn't great').
[38;5;73m[ citizen-server-impl] Asset PLOKS_CARS/mk2100.yft uses 29.5 MiB of virtual memory.
[38;5;73m[ citizen-server-impl] Asset PLOKS_CARS/mk2100_bridebrix_hearts.yft uses 64.0 MiB of physical memory. Oversized assets can and WILL lead to streaming issues (models not loading/rendering, commonly known as 'texture loss', 'city bug' or 'streaming isn't great').
[38;5;73m[ citizen-server-impl] Asset PLOKS_CARS/mk2100_bridebrix_hks.yft uses 64.0 MiB of physical memory. Oversized assets can and WILL lead to streaming issues (models not loading/rendering, commonly known as 'texture loss', 'city bug' or 'streaming isn't great').
[38;5;73m[ citizen-server-impl] Asset PLOKS_CARS/mk2100_bridebrix_purple.yft uses 64.0 MiB of physical memory. Oversized assets can and WILL lead to streaming issues (models not loading/rendering, commonly known as 'texture loss', 'city bug' or 'streaming isn't great').
[38;5;73m[ citizen-server-impl] Asset PLOKS_CARS/mk2100_bridebrix_red.yft uses 64.0 MiB of physical memory. Oversized assets can and WILL lead to streaming issues (models not loading/rendering, commonly known as 'texture loss', 'city bug' or 'streaming isn't great').
[38;5;73m[ citizen-server-impl] Asset PLOKS_CARS/mk2100_bridelow_hearts.yft uses 64.0 MiB of physical memory. Oversized assets can and WILL lead to streaming issues (models not loading/rendering, commonly known as 'texture loss', 'city bug' or 'streaming isn't great').
[38;5;73m[ citizen-server-impl] Asset PLOKS_CARS/mk2100_bridelow_nstyle.yft uses 96.0 MiB of physical memory. Oversized assets can and WILL lead to streaming issues (models not loading/rendering, commonly known as 'texture loss', 'city bug' or 'streaming isn't great').
[38;5;73m[ citizen-server-impl] Asset PLOKS_CARS/mk2100_bridelow_vertex.yft uses 32.0 MiB of physical memory.
[38;5;73m[ citizen-server-impl] Asset PLOKS_CARS/mk2100_bridelow_vertex2.yft uses 32.0 MiB of physical memory.
[38;5;73m[ citizen-server-impl] Asset PLOKS_CARS/mk2100_hi.yft uses 27.2 MiB of virtual memory.
[38;5;73m[ citizen-server-impl] Asset PLOKS_CARS/mk2100_int1s1.yft uses 24.0 MiB of physical memory.
[38;5;73m[ citizen-server-impl] Asset PLOKS_CARS/mk2100_liv_90s.yft uses 32.0 MiB of physical memory.
[38;5;73m[ citizen-server-impl] Asset PLOKS_CARS/mk2100_liv_daw.yft uses 32.0 MiB of physical memory.
[38;5;73m[ citizen-server-impl] Asset PLOKS_CARS/mk2100_liv_flu.yft uses 32.0 MiB of physical memory.
[38;5;73m[ citizen-server-impl] Asset PLOKS_CARS/mk2100_liv_kunnyz.yft uses 32.0 MiB of physical memory.
[38;5;73m[ citizen-server-impl] Asset PLOKS_CARS/mk2100_liv_ngnl.yft uses 32.0 MiB of physical memory.
[38;5;73m[ citizen-server-impl] Asset PLOKS_CARS/mk2100_moco_midship.yft uses 64.0 MiB of physical memory. Oversized assets can and WILL lead to streaming issues (models not loading/rendering, commonly known as 'texture loss', 'city bug' or 'streaming isn't great').
[38;5;73m[ citizen-server-impl] Asset PLOKS_CARS/mk2100_momo_race.yft uses 24.0 MiB of physical memory.
[38;5;73m[ citizen-server-impl] Asset PLOKS_CARS/mk2100_nardi_classic.yft uses 24.0 MiB of physical memory.
[38;5;73m[ citizen-server-impl] Asset PLOKS_CARS/mk2100_nardi_corn1.yft uses 24.0 MiB of physical memory.
[38;5;73m[ citizen-server-impl] Asset PLOKS_CARS/mk2100_nardi_corn2.yft uses 24.0 MiB of physical memory.
[38;5;73m[ citizen-server-impl] Asset PLOKS_CARS/mk2100_plate_tsu.yft uses 24.0 MiB of physical memory.
[38;5;73m[ citizen-server-impl] Asset PLOKS_CARS/mk2100_recaro_base.yft uses 32.0 MiB of physical memory.
[38;5;73m[ citizen-server-impl] Asset PLOKS_CARS/mk2100_recaro_hks.yft uses 32.0 MiB of physical memory.
[38;5;73m[ citizen-server-impl] Asset PLOKS_CARS/mk2100_recaro_pink.yft uses 32.0 MiB of physical memory.
[38;5;73m[ citizen-server-impl] Asset PLOKS_CARS/mk2100_thrash_black.yft uses 32.0 MiB of physical memory.
[38;5;73m[ citizen-server-impl] Asset PLOKS_CARS/mk2100_thrash_blue.yft uses 32.0 MiB of physical memory.
[38;5;73m[ citizen-server-impl] Asset PLOKS_CARS/mk2100_thrash_jaguar.yft uses 32.0 MiB of physical memory.
[38;5;73m[ citizen-server-impl] Asset PLOKS_CARS/mk2100_thrash_red.yft uses 32.0 MiB of physical memory.
[38;5;73m[ citizen-server-impl] Asset PLOKS_CARS/mk2100_thrash_yellow.yft uses 32.0 MiB of physical memory.
[38;5;73m[ citizen-server-impl] Asset PLOKS_CARS/mk2100_thrash_zebra.yft uses 32.0 MiB of physical memory.
[38;5;73m[ citizen-server-impl] Asset PLOKS_CARS/mk2100_tsubaki.yft uses 96.0 MiB of physical memory. Oversized assets can and WILL lead to streaming issues (models not loading/rendering, commonly known as 'texture loss', 'city bug' or 'streaming isn't great').
[38;5;73m[ citizen-server-impl] Asset PLOKS_CARS/mk2100_vertex2.yft uses 64.0 MiB of physical memory. Oversized assets can and WILL lead to streaming issues (models not loading/rendering, commonly known as 'texture loss', 'city bug' or 'streaming isn't great').
[38;5;73m[ citizen-server-impl] Asset PLOKS_CARS/mk2100_vertex3.yft uses 64.0 MiB of physical memory. Oversized assets can and WILL lead to streaming issues (models not loading/rendering, commonly known as 'texture loss', 'city bug' or 'streaming isn't great').
[38;5;73m[ citizen-server-impl] Asset PLOKS_CARS/mk2100_vertex4.yft uses 64.0 MiB of physical memory. Oversized assets can and WILL lead to streaming issues (models not loading/rendering, commonly known as 'texture loss', 'city bug' or 'streaming isn't great').
[38;5;73m[ citizen-server-impl] Asset PLOKS_CARS/mk2100_vertex5.yft uses 64.0 MiB of physical memory. Oversized assets can and WILL lead to streaming issues (models not loading/rendering, commonly known as 'texture loss', 'city bug' or 'streaming isn't great').
[38;5;73m[ citizen-server-impl] Asset PLOKS_CARS/mk2100_vertex6.yft uses 64.0 MiB of physical memory. Oversized assets can and WILL lead to streaming issues (models not loading/rendering, commonly known as 'texture loss', 'city bug' or 'streaming isn't great').
[38;5;73m[ citizen-server-impl] Asset PLOKS_CARS/mk2100_vertex7.yft uses 64.0 MiB of physical memory. Oversized assets can and WILL lead to streaming issues (models not loading/rendering, commonly known as 'texture loss', 'city bug' or 'streaming isn't great').
[38;5;73m[ citizen-server-impl] Asset PLOKS_CARS/models.ytd uses 39.0 MiB of physical memory.
[38;5;73m[ citizen-server-impl] Asset PLOKS_CARS/mp412c.ytd uses 24.5 MiB of physical memory.
[38;5;73m[ citizen-server-impl] Asset PLOKS_CARS/mustang50th.ytd uses 38.0 MiB of physical memory.
[38;5;73m[ citizen-server-impl] Asset PLOKS_CARS/na6.ytd uses 182.0 MiB of physical memory. Oversized assets can and WILL lead to streaming issues (models not loading/rendering, commonly known as 'texture loss', 'city bug' or 'streaming isn't great').
[38;5;73m[ citizen-server-impl] Asset PLOKS_CARS/nis15.yft uses 17.8 MiB of virtual memory.
[38;5;73m[ citizen-server-impl] Asset PLOKS_CARS/nis15.ytd uses 90.0 MiB of physical memory. Oversized assets can and WILL lead to streaming issues (models not loading/rendering, commonly known as 'texture loss', 'city bug' or 'streaming isn't great').
[38;5;73m[ citizen-server-impl] Asset PLOKS_CARS/nis15_Nismo.yft uses 32.0 MiB of physical memory.
[38;5;73m[ citizen-server-impl] Asset PLOKS_CARS/nis15_NismoC.yft uses 20.0 MiB of physical memory.
[38;5;73m[ citizen-server-impl] Asset PLOKS_CARS/nis15_hi.yft uses 17.8 MiB of virtual memory.
[38;5;73m[ citizen-server-impl] Asset PLOKS_CARS/nis15_livBOSS.yft uses 32.0 MiB of physical memory.
[38;5;73m[ citizen-server-impl] Asset PLOKS_CARS/nis15_livEZ.yft uses 32.0 MiB of physical memory.
[38;5;73m[ citizen-server-impl] Asset PLOKS_CARS/nis15_livFranxx.yft uses 32.0 MiB of physical memory.
[38;5;73m[ citizen-server-impl] Asset PLOKS_CARS/nis15_livGGO.yft uses 32.0 MiB of physical memory.
[38;5;73m[ citizen-server-impl] Asset PLOKS_CARS/nis15_livKidsheart.yft uses 32.0 MiB of physical memory.
[38;5;73m[ citizen-server-impl] Asset PLOKS_CARS/nis15_livMCR.yft uses 32.0 MiB of physical memory.
[38;5;73m[ citizen-server-impl] Asset PLOKS_CARS/nis15_livPSTAKA.yft uses 32.0 MiB of physical memory.
[38;5;73m[ citizen-server-impl] Asset PLOKS_CARS/nis15_livRSR.yft uses 32.0 MiB of physical memory.
[38;5;73m[ citizen-server-impl] Asset PLOKS_CARS/nis15_livSexy.yft uses 32.0 MiB of physical memory.
[38;5;73m[ citizen-server-impl] Asset PLOKS_CARS/nis15_livThrash.yft uses 32.0 MiB of physical memory.
[38;5;73m[ citizen-server-impl] Asset PLOKS_CARS/nis15_livTouge.yft uses 32.0 MiB of physical memory.
[38;5;73m[ citizen-server-impl] Asset PLOKS_CARS/nis15_livVertex.yft uses 32.0 MiB of physical memory.
[38;5;73m[ citizen-server-impl] Asset PLOKS_CARS/nis15_livWild.yft uses 32.0 MiB of physical memory.
[38;5;73m[ citizen-server-impl] Asset PLOKS_CARS/nis15_livYouichi.yft uses 32.0 MiB of physical memory.
[38;5;73m[ citizen-server-impl] Asset PLOKS_CARS/nis15_seats4.yft uses 32.0 MiB of physical memory.
[38;5;73m[ citizen-server-impl] Asset PLOKS_CARS/nis15_seats5.yft uses 32.0 MiB of physical memory.
[38;5;73m[ citizen-server-impl] Asset PLOKS_CARS/nis15_seats6.yft uses 32.0 MiB of physical memory.
[38;5;73m[ citizen-server-impl] Asset PLOKS_CARS/nis15_windBusan.yft uses 64.0 MiB of physical memory. Oversized assets can and WILL lead to streaming issues (models not loading/rendering, commonly known as 'texture loss', 'city bug' or 'streaming isn't great').
[38;5;73m[ citizen-server-impl] Asset PLOKS_CARS/nis15_windBusanDS.yft uses 64.0 MiB of physical memory. Oversized assets can and WILL lead to streaming issues (models not loading/rendering, commonly known as 'texture loss', 'city bug' or 'streaming isn't great').
[38;5;73m[ citizen-server-impl] Asset PLOKS_CARS/nis15_windFranxx.yft uses 32.0 MiB of physical memory.
[38;5;73m[ citizen-server-impl] Asset PLOKS_CARS/nis15_windGGO.yft uses 32.0 MiB of physical memory.
[38;5;73m[ citizen-server-impl] Asset PLOKS_CARS/nis15_windKoba.yft uses 64.0 MiB of physical memory. Oversized assets can and WILL lead to streaming issues (models not loading/rendering, commonly known as 'texture loss', 'city bug' or 'streaming isn't great').
[38;5;73m[ citizen-server-impl] Asset PLOKS_CARS/nis15_windKoba2.yft uses 32.0 MiB of physical memory.
[38;5;73m[ citizen-server-impl] Asset PLOKS_CARS/nis15_windKobaDS.yft uses 64.0 MiB of physical memory. Oversized assets can and WILL lead to streaming issues (models not loading/rendering, commonly known as 'texture loss', 'city bug' or 'streaming isn't great').
[38;5;73m[ citizen-server-impl] Asset PLOKS_CARS/nis15_windKobaPS.yft uses 64.0 MiB of physical memory. Oversized assets can and WILL lead to streaming issues (models not loading/rendering, commonly known as 'texture loss', 'city bug' or 'streaming isn't great').
[38;5;73m[ citizen-server-impl] Asset PLOKS_CARS/nis15_windKryoki.yft uses 32.0 MiB of physical memory.
[38;5;73m[ citizen-server-impl] Asset PLOKS_CARS/nis15_windKryokiDS.yft uses 32.0 MiB of physical memory.
[38;5;73m[ citizen-server-impl] Asset PLOKS_CARS/nis15_windKryokiPS.yft uses 32.0 MiB of physical memory.
[38;5;73m[ citizen-server-impl] Asset PLOKS_CARS/nis15_windShun.yft uses 32.0 MiB of physical memory.
[38;5;73m[ citizen-server-impl] Asset PLOKS_CARS/nis15_windShunDS.yft uses 32.0 MiB of physical memory.
[38;5;73m[ citizen-server-impl] Asset PLOKS_CARS/nis15_windWi.yft uses 64.0 MiB of physical memory. Oversized assets can and WILL lead to streaming issues (models not loading/rendering, commonly known as 'texture loss', 'city bug' or 'streaming isn't great').
[38;5;73m[ citizen-server-impl] Asset PLOKS_CARS/nis15_windWiDS.yft uses 64.0 MiB of physical memory. Oversized assets can and WILL lead to streaming issues (models not loading/rendering, commonly known as 'texture loss', 'city bug' or 'streaming isn't great').
[38;5;73m[ citizen-server-impl] Asset PLOKS_CARS/nis15_windWiPS.yft uses 64.0 MiB of physical memory. Oversized assets can and WILL lead to streaming issues (models not loading/rendering, commonly known as 'texture loss', 'city bug' or 'streaming isn't great').
[38;5;73m[ citizen-server-impl] Asset PLOKS_CARS/nis15_windYoui.yft uses 32.0 MiB of physical memory.
[38;5;73m[ citizen-server-impl] Asset PLOKS_CARS/nis15_windvopt.yft uses 32.0 MiB of physical memory.
[38;5;73m[ citizen-server-impl] Asset PLOKS_CARS/nis15_windvoptDS.yft uses 32.0 MiB of physical memory.
[38;5;73m[ citizen-server-impl] Asset PLOKS_CARS/nissantitan17.ytd uses 52.0 MiB of physical memory. Oversized assets can and WILL lead to streaming issues (models not loading/rendering, commonly known as 'texture loss', 'city bug' or 'streaming isn't great').
[38;5;73m[ citizen-server-impl] Asset PLOKS_CARS/ns350.yft uses 25.0 MiB of virtual memory.
[38;5;73m[ citizen-server-impl] Asset PLOKS_CARS/ns350.ytd uses 240.0 MiB of physical memory. Oversized assets can and WILL lead to streaming issues (models not loading/rendering, commonly known as 'texture loss', 'city bug' or 'streaming isn't great').
[38;5;73m[ citizen-server-impl] Asset PLOKS_CARS/ns350_hi.yft uses 25.0 MiB of virtual memory.
[38;5;73m[ citizen-server-impl] Asset PLOKS_CARS/nzp.ytd uses 60.0 MiB of physical memory. Oversized assets can and WILL lead to streaming issues (models not loading/rendering, commonly known as 'texture loss', 'city bug' or 'streaming isn't great').
[38;5;73m[ citizen-server-impl] Asset PLOKS_CARS/p90d.yft uses 23.2 MiB of virtual memory.
[38;5;73m[ citizen-server-impl] Asset PLOKS_CARS/p90d.ytd uses 50.0 MiB of physical memory. Oversized assets can and WILL lead to streaming issues (models not loading/rendering, commonly known as 'texture loss', 'city bug' or 'streaming isn't great').
[38;5;73m[ citizen-server-impl] Asset PLOKS_CARS/p90d_hi.yft uses 23.2 MiB of virtual memory.
[38;5;73m[ citizen-server-impl] Asset PLOKS_CARS/passat.yft uses 29.9 MiB of virtual memory.
[38;5;73m[ citizen-server-impl] Asset PLOKS_CARS/passat_hi.yft uses 29.9 MiB of virtual memory.
[38;5;73m[ citizen-server-impl] Asset PLOKS_CARS/pcs18.yft uses 28.2 MiB of virtual memory.
[38;5;73m[ citizen-server-impl] Asset PLOKS_CARS/pcs18.ytd uses 16.8 MiB of physical memory.
[38;5;73m[ citizen-server-impl] Asset PLOKS_CARS/pcs18_hi.yft uses 28.2 MiB of virtual memory.
[38;5;73m[ citizen-server-impl] Asset PLOKS_CARS/pm19.ytd uses 86.0 MiB of physical memory. Oversized assets can and WILL lead to streaming issues (models not loading/rendering, commonly known as 'texture loss', 'city bug' or 'streaming isn't great').
[38;5;73m[ citizen-server-impl] Asset PLOKS_CARS/q820.yft uses 30.5 MiB of virtual memory.
[38;5;73m[ citizen-server-impl] Asset PLOKS_CARS/q820.ytd uses 72.0 MiB of physical memory. Oversized assets can and WILL lead to streaming issues (models not loading/rendering, commonly known as 'texture loss', 'city bug' or 'streaming isn't great').
[38;5;73m[ citizen-server-impl] Asset PLOKS_CARS/q820_hi.yft uses 30.5 MiB of virtual memory.
[38;5;73m[ citizen-server-impl] Asset PLOKS_CARS/r820.yft uses 18.9 MiB of virtual memory.
[38;5;73m[ citizen-server-impl] Asset PLOKS_CARS/r820.ytd uses 78.0 MiB of physical memory. Oversized assets can and WILL lead to streaming issues (models not loading/rendering, commonly known as 'texture loss', 'city bug' or 'streaming isn't great').
[38;5;73m[ citizen-server-impl] Asset PLOKS_CARS/r820_hi.yft uses 18.9 MiB of virtual memory.
[38;5;73m[ citizen-server-impl] Asset PLOKS_CARS/raid.yft uses 19.8 MiB of virtual memory.
[38;5;73m[ citizen-server-impl] Asset PLOKS_CARS/raid.ytd uses 53.5 MiB of physical memory. Oversized assets can and WILL lead to streaming issues (models not loading/rendering, commonly known as 'texture loss', 'city bug' or 'streaming isn't great').
[38;5;73m[ citizen-server-impl] Asset PLOKS_CARS/raid_hi.yft uses 19.8 MiB of virtual memory.
[38;5;73m[ citizen-server-impl] Asset PLOKS_CARS/ram2500.yft uses 25.2 MiB of virtual memory.
[38;5;73m[ citizen-server-impl] Asset PLOKS_CARS/ram2500.ytd uses 58.0 MiB of physical memory. Oversized assets can and WILL lead to streaming issues (models not loading/rendering, commonly known as 'texture loss', 'city bug' or 'streaming isn't great').
[38;5;73m[ citizen-server-impl] Asset PLOKS_CARS/ram2500_hi.yft uses 31.0 MiB of virtual memory.
[38;5;73m[ citizen-server-impl] Asset PLOKS_CARS/raptor2017+hi.ytd uses 32.0 MiB of physical memory.
[38;5;73m[ citizen-server-impl] Asset PLOKS_CARS/raptor2017.yft uses 28.0 MiB of virtual memory.
[38;5;73m[ citizen-server-impl] Asset PLOKS_CARS/raptor2017.ytd uses 226.0 MiB of physical memory. Oversized assets can and WILL lead to streaming issues (models not loading/rendering, commonly known as 'texture loss', 'city bug' or 'streaming isn't great').
[38;5;73m[ citizen-server-impl] Asset PLOKS_CARS/raptor2017_hi.yft uses 28.0 MiB of virtual memory.
[38;5;73m[ citizen-server-impl] Asset PLOKS_CARS/raptor_bajacage_2.yft uses 20.8 MiB of physical memory.
[38;5;73m[ citizen-server-impl] Asset PLOKS_CARS/raptor_bajacage_4.yft uses 32.0 MiB of physical memory.
[38;5;73m[ citizen-server-impl] Asset PLOKS_CARS/raptor_raidint.yft uses 32.0 MiB of physical memory.
[38;5;73m[ citizen-server-impl] Asset PLOKS_CARS/raptor_tools.yft uses 24.0 MiB of physical memory.
[38;5;73m[ citizen-server-impl] Asset PLOKS_CARS/raptor_tools2.yft uses 24.0 MiB of physical memory.
[38;5;73m[ citizen-server-impl] Asset PLOKS_CARS/rculi.yft uses 28.0 MiB of virtual memory.
[38;5;73m[ citizen-server-impl] Asset PLOKS_CARS/rculi_hi.yft uses 28.0 MiB of virtual memory.
[38;5;73m[ citizen-server-impl] Asset PLOKS_CARS/regera.ytd uses 26.2 MiB of physical memory.
[38;5;73m[ citizen-server-impl] Asset PLOKS_CARS/rrevoque.ytd uses 21.8 MiB of physical memory.
[38;5;73m[ citizen-server-impl] Asset PLOKS_CARS/rrphantom.yft uses 27.8 MiB of virtual memory.
[38;5;73m[ citizen-server-impl] Asset PLOKS_CARS/rrphantom_hi.yft uses 27.8 MiB of virtual memory.
[38;5;73m[ citizen-server-impl] Asset PLOKS_CARS/rrst.yft uses 24.0 MiB of virtual memory.
[38;5;73m[ citizen-server-impl] Asset PLOKS_CARS/rrst.ytd uses 99.0 MiB of physical memory. Oversized assets can and WILL lead to streaming issues (models not loading/rendering, commonly known as 'texture loss', 'city bug' or 'streaming isn't great').
[38;5;73m[ citizen-server-impl] Asset PLOKS_CARS/rrst_hi.yft uses 24.0 MiB of virtual memory.
[38;5;73m[ citizen-server-impl] Asset PLOKS_CARS/rs6.yft uses 25.2 MiB of virtual memory.
[38;5;73m[ citizen-server-impl] Asset PLOKS_CARS/rs6.ytd uses 157.0 MiB of physical memory. Oversized assets can and WILL lead to streaming issues (models not loading/rendering, commonly known as 'texture loss', 'city bug' or 'streaming isn't great').
[38;5;73m[ citizen-server-impl] Asset PLOKS_CARS/rs6_hi.yft uses 25.2 MiB of virtual memory.
[38;5;73m[ citizen-server-impl] Asset PLOKS_CARS/rsvr16.yft uses 28.2 MiB of virtual memory.
[38;5;73m[ citizen-server-impl] Asset PLOKS_CARS/rsvr161.ytd uses 36.0 MiB of physical memory.
[38;5;73m[ citizen-server-impl] Asset PLOKS_CARS/rsvr16_hi.yft uses 19.1 MiB of virtual memory.
[38;5;73m[ citizen-server-impl] Asset PLOKS_CARS/s14.ytd uses 72.0 MiB of physical memory. Oversized assets can and WILL lead to streaming issues (models not loading/rendering, commonly known as 'texture loss', 'city bug' or 'streaming isn't great').
[38;5;73m[ citizen-server-impl] Asset PLOKS_CARS/s142.ytd uses 106.0 MiB of physical memory. Oversized assets can and WILL lead to streaming issues (models not loading/rendering, commonly known as 'texture loss', 'city bug' or 'streaming isn't great').
[38;5;73m[ citizen-server-impl] Asset PLOKS_CARS/s14mods.ytd uses 144.0 MiB of physical memory. Oversized assets can and WILL lead to streaming issues (models not loading/rendering, commonly known as 'texture loss', 'city bug' or 'streaming isn't great').
[38;5;73m[ citizen-server-impl] Asset PLOKS_CARS/s500w222.yft uses 31.5 MiB of virtual memory.
[38;5;73m[ citizen-server-impl] Asset PLOKS_CARS/s500w222.ytd uses 72.0 MiB of physical memory. Oversized assets can and WILL lead to streaming issues (models not loading/rendering, commonly known as 'texture loss', 'city bug' or 'streaming isn't great').
[38;5;73m[ citizen-server-impl] Asset PLOKS_CARS/s500w222_hi.yft uses 31.5 MiB of virtual memory.
[38;5;73m[ citizen-server-impl] Asset PLOKS_CARS/senna.ytd uses 52.0 MiB of physical memory. Oversized assets can and WILL lead to streaming issues (models not loading/rendering, commonly known as 'texture loss', 'city bug' or 'streaming isn't great').
[38;5;73m[ citizen-server-impl] Asset PLOKS_CARS/sl500.yft uses 17.3 MiB of virtual memory.
[38;5;73m[ citizen-server-impl] Asset PLOKS_CARS/sl500.ytd uses 26.0 MiB of physical memory.
[38;5;73m[ citizen-server-impl] Asset PLOKS_CARS/sl500_hi.yft uses 17.3 MiB of virtual memory.
[38;5;73m[ citizen-server-impl] Asset PLOKS_CARS/sq72016.yft uses 30.6 MiB of virtual memory.
[38;5;73m[ citizen-server-impl] Asset PLOKS_CARS/sq72016_hi.yft uses 30.6 MiB of virtual memory.
[38;5;73m[ citizen-server-impl] Asset PLOKS_CARS/srt4.ytd uses 104.0 MiB of physical memory. Oversized assets can and WILL lead to streaming issues (models not loading/rendering, commonly known as 'texture loss', 'city bug' or 'streaming isn't great').
[38;5;73m[ citizen-server-impl] Asset PLOKS_CARS/srt8.yft uses 28.6 MiB of virtual memory.
[38;5;73m[ citizen-server-impl] Asset PLOKS_CARS/srt8.ytd uses 62.0 MiB of physical memory. Oversized assets can and WILL lead to streaming issues (models not loading/rendering, commonly known as 'texture loss', 'city bug' or 'streaming isn't great').
[38;5;73m[ citizen-server-impl] Asset PLOKS_CARS/srt8b.yft uses 16.2 MiB of virtual memory.
[38;5;73m[ citizen-server-impl] Asset PLOKS_CARS/srt8b.ytd uses 60.0 MiB of physical memory. Oversized assets can and WILL lead to streaming issues (models not loading/rendering, commonly known as 'texture loss', 'city bug' or 'streaming isn't great').
[38;5;73m[ citizen-server-impl] Asset PLOKS_CARS/st_chassis_2.yft uses 64.0 MiB of physical memory. Oversized assets can and WILL lead to streaming issues (models not loading/rendering, commonly known as 'texture loss', 'city bug' or 'streaming isn't great').
[38;5;73m[ citizen-server-impl] Asset PLOKS_CARS/stingray.yft uses 19.2 MiB of virtual memory.
[38;5;73m[ citizen-server-impl] Asset PLOKS_CARS/stingray.ytd uses 60.0 MiB of physical memory. Oversized assets can and WILL lead to streaming issues (models not loading/rendering, commonly known as 'texture loss', 'city bug' or 'streaming isn't great').
[38;5;73m[ citizen-server-impl] Asset PLOKS_CARS/stingray_hi.yft uses 19.2 MiB of virtual memory.
[38;5;73m[ citizen-server-impl] Asset PLOKS_CARS/subisti08.yft uses 23.0 MiB of virtual memory.
[38;5;73m[ citizen-server-impl] Asset PLOKS_CARS/subisti08.ytd uses 24.0 MiB of physical memory.
[38;5;73m[ citizen-server-impl] Asset PLOKS_CARS/subisti08_2jzgte.yft uses 20.2 MiB of virtual memory.
[38;5;73m[ citizen-server-impl] Asset PLOKS_CARS/subisti08_hi.yft uses 23.0 MiB of virtual memory.
[38;5;73m[ citizen-server-impl] Asset PLOKS_CARS/svj63.yft uses 19.2 MiB of virtual memory.
[38;5;73m[ citizen-server-impl] Asset PLOKS_CARS/svj63.ytd uses 116.0 MiB of physical memory. Oversized assets can and WILL lead to streaming issues (models not loading/rendering, commonly known as 'texture loss', 'city bug' or 'streaming isn't great').
[38;5;73m[ citizen-server-impl] Asset PLOKS_CARS/svj63_hi.yft uses 19.2 MiB of virtual memory.
[38;5;73m[ citizen-server-impl] Asset PLOKS_CARS/tahoe21.yft uses 18.5 MiB of virtual memory.
[38;5;73m[ citizen-server-impl] Asset PLOKS_CARS/tahoe21_hi.yft uses 18.5 MiB of virtual memory.
[38;5;73m[ citizen-server-impl] Asset PLOKS_CARS/taycan.ytd uses 32.0 MiB of physical memory.
[38;5;73m[ citizen-server-impl] Asset PLOKS_CARS/teslapd.yft uses 23.0 MiB of virtual memory.
[38;5;73m[ citizen-server-impl] Asset PLOKS_CARS/teslapd.ytd uses 56.0 MiB of physical memory. Oversized assets can and WILL lead to streaming issues (models not loading/rendering, commonly known as 'texture loss', 'city bug' or 'streaming isn't great').
[38;5;73m[ citizen-server-impl] Asset PLOKS_CARS/teslapd_hi.yft uses 23.0 MiB of virtual memory.
[38;5;73m[ citizen-server-impl] Asset PLOKS_CARS/teslax.yft uses 19.5 MiB of virtual memory.
[38;5;73m[ citizen-server-impl] Asset PLOKS_CARS/teslax.ytd uses 115.0 MiB of physical memory. Oversized assets can and WILL lead to streaming issues (models not loading/rendering, commonly known as 'texture loss', 'city bug' or 'streaming isn't great').
[38;5;73m[ citizen-server-impl] Asset PLOKS_CARS/teslax_hi.yft uses 19.5 MiB of virtual memory.
[38;5;73m[ citizen-server-impl] Asset PLOKS_CARS/tmodel.yft uses 23.9 MiB of virtual memory.
[38;5;73m[ citizen-server-impl] Asset PLOKS_CARS/tmodel.ytd uses 36.0 MiB of physical memory.
[38;5;73m[ citizen-server-impl] Asset PLOKS_CARS/tmodel_hi.yft uses 23.9 MiB of virtual memory.
[38;5;73m[ citizen-server-impl] Asset PLOKS_CARS/toysupmk4.ytd uses 60.0 MiB of physical memory. Oversized assets can and WILL lead to streaming issues (models not loading/rendering, commonly known as 'texture loss', 'city bug' or 'streaming isn't great').
[38;5;73m[ citizen-server-impl] Asset PLOKS_CARS/toysupmk4_bootglass1.yft uses 32.0 MiB of physical memory.
[38;5;73m[ citizen-server-impl] Asset PLOKS_CARS/toysupmk4_bootglass10.yft uses 32.0 MiB of physical memory.
[38;5;73m[ citizen-server-impl] Asset PLOKS_CARS/toysupmk4_bootglass11.yft uses 32.0 MiB of physical memory.
[38;5;73m[ citizen-server-impl] Asset PLOKS_CARS/toysupmk4_bootglass6.yft uses 32.0 MiB of physical memory.
[38;5;73m[ citizen-server-impl] Asset PLOKS_CARS/toysupmk4_bootglass7.yft uses 32.0 MiB of physical memory.
[38;5;73m[ citizen-server-impl] Asset PLOKS_CARS/toysupmk4_bootglass8.yft uses 32.0 MiB of physical memory.
[38;5;73m[ citizen-server-impl] Asset PLOKS_CARS/toysupmk4_bootglass9.yft uses 32.0 MiB of physical memory.
[38;5;73m[ citizen-server-impl] Asset PLOKS_CARS/toysupmk4_hi.yft uses 16.1 MiB of virtual memory.
[38;5;73m[ citizen-server-impl] Asset PLOKS_CARS/toysupmk4_livery10.yft uses 32.0 MiB of physical memory.
[38;5;73m[ citizen-server-impl] Asset PLOKS_CARS/toysupmk4_livery11.yft uses 32.0 MiB of physical memory.
[38;5;73m[ citizen-server-impl] Asset PLOKS_CARS/toysupmk4_livery12.yft uses 32.0 MiB of physical memory.
[38;5;73m[ citizen-server-impl] Asset PLOKS_CARS/toysupmk4_livery13.yft uses 32.0 MiB of physical memory.
[38;5;73m[ citizen-server-impl] Asset PLOKS_CARS/toysupmk4_livery14.yft uses 32.0 MiB of physical memory.
[38;5;73m[ citizen-server-impl] Asset PLOKS_CARS/toysupmk4_livery15.yft uses 32.0 MiB of physical memory.
[38;5;73m[ citizen-server-impl] Asset PLOKS_CARS/toysupmk4_livery16.yft uses 32.0 MiB of physical memory.
[38;5;73m[ citizen-server-impl] Asset PLOKS_CARS/toysupmk4_livery17.yft uses 32.0 MiB of physical memory.
[38;5;73m[ citizen-server-impl] Asset PLOKS_CARS/toysupmk4_livery2.yft uses 32.0 MiB of physical memory.
[38;5;73m[ citizen-server-impl] Asset PLOKS_CARS/toysupmk4_livery3.yft uses 32.0 MiB of physical memory.
[38;5;73m[ citizen-server-impl] Asset PLOKS_CARS/toysupmk4_livery4.yft uses 32.0 MiB of physical memory.
[38;5;73m[ citizen-server-impl] Asset PLOKS_CARS/toysupmk4_livery5.yft uses 32.0 MiB of physical memory.
[38;5;73m[ citizen-server-impl] Asset PLOKS_CARS/toysupmk4_livery6.yft uses 32.0 MiB of physical memory.
[38;5;73m[ citizen-server-impl] Asset PLOKS_CARS/toysupmk4_livery7.yft uses 32.0 MiB of physical memory.
[38;5;73m[ citizen-server-impl] Asset PLOKS_CARS/toysupmk4_livery8.yft uses 32.0 MiB of physical memory.
[38;5;73m[ citizen-server-impl] Asset PLOKS_CARS/toysupmk4_livery9.yft uses 32.0 MiB of physical memory.
[38;5;73m[ citizen-server-impl] Asset PLOKS_CARS/toysupmk4_windowlf1.yft uses 32.0 MiB of physical memory.
[38;5;73m[ citizen-server-impl] Asset PLOKS_CARS/toysupmk4_windowlf10.yft uses 32.0 MiB of physical memory.
[38;5;73m[ citizen-server-impl] Asset PLOKS_CARS/toysupmk4_windowlf11.yft uses 32.0 MiB of physical memory.
[38;5;73m[ citizen-server-impl] Asset PLOKS_CARS/toysupmk4_windowlf1a.yft uses 32.0 MiB of physical memory.
[38;5;73m[ citizen-server-impl] Asset PLOKS_CARS/toysupmk4_windowlf1b.yft uses 32.0 MiB of physical memory.
[38;5;73m[ citizen-server-impl] Asset PLOKS_CARS/toysupmk4_windowlf6.yft uses 32.0 MiB of physical memory.
[38;5;73m[ citizen-server-impl] Asset PLOKS_CARS/toysupmk4_windowlf7.yft uses 32.0 MiB of physical memory.
[38;5;73m[ citizen-server-impl] Asset PLOKS_CARS/toysupmk4_windowlf8.yft uses 32.0 MiB of physical memory.
[38;5;73m[ citizen-server-impl] Asset PLOKS_CARS/toysupmk4_windowlf9.yft uses 32.0 MiB of physical memory.
[38;5;73m[ citizen-server-impl] Asset PLOKS_CARS/toysupmk4_windowlr1.yft uses 32.0 MiB of physical memory.
[38;5;73m[ citizen-server-impl] Asset PLOKS_CARS/toysupmk4_windowlr10.yft uses 32.0 MiB of physical memory.
[38;5;73m[ citizen-server-impl] Asset PLOKS_CARS/toysupmk4_windowlr11.yft uses 32.0 MiB of physical memory.
[38;5;73m[ citizen-server-impl] Asset PLOKS_CARS/toysupmk4_windowlr1a.yft uses 32.0 MiB of physical memory.
[38;5;73m[ citizen-server-impl] Asset PLOKS_CARS/toysupmk4_windowlr6.yft uses 32.0 MiB of physical memory.
[38;5;73m[ citizen-server-impl] Asset PLOKS_CARS/toysupmk4_windowlr7.yft uses 32.0 MiB of physical memory.
[38;5;73m[ citizen-server-impl] Asset PLOKS_CARS/toysupmk4_windowlr8.yft uses 32.0 MiB of physical memory.
[38;5;73m[ citizen-server-impl] Asset PLOKS_CARS/toysupmk4_windowlr9.yft uses 32.0 MiB of physical memory.
[38;5;73m[ citizen-server-impl] Asset PLOKS_CARS/toysupmk4_windowrf1.yft uses 32.0 MiB of physical memory.
[38;5;73m[ citizen-server-impl] Asset PLOKS_CARS/toysupmk4_windowrf10.yft uses 32.0 MiB of physical memory.
[38;5;73m[ citizen-server-impl] Asset PLOKS_CARS/toysupmk4_windowrf11.yft uses 32.0 MiB of physical memory.
[38;5;73m[ citizen-server-impl] Asset PLOKS_CARS/toysupmk4_windowrf1a.yft uses 32.0 MiB of physical memory.
[38;5;73m[ citizen-server-impl] Asset PLOKS_CARS/toysupmk4_windowrf1b.yft uses 32.0 MiB of physical memory.
[38;5;73m[ citizen-server-impl] Asset PLOKS_CARS/toysupmk4_windowrf6.yft uses 32.0 MiB of physical memory.
[38;5;73m[ citizen-server-impl] Asset PLOKS_CARS/toysupmk4_windowrf7.yft uses 32.0 MiB of physical memory.
[38;5;73m[ citizen-server-impl] Asset PLOKS_CARS/toysupmk4_windowrf8.yft uses 32.0 MiB of physical memory.
[38;5;73m[ citizen-server-impl] Asset PLOKS_CARS/toysupmk4_windowrf9.yft uses 32.0 MiB of physical memory.
[38;5;73m[ citizen-server-impl] Asset PLOKS_CARS/toysupmk4_windowrr1.yft uses 32.0 MiB of physical memory.
[38;5;73m[ citizen-server-impl] Asset PLOKS_CARS/toysupmk4_windowrr10.yft uses 32.0 MiB of physical memory.
[38;5;73m[ citizen-server-impl] Asset PLOKS_CARS/toysupmk4_windowrr11.yft uses 32.0 MiB of physical memory.
[38;5;73m[ citizen-server-impl] Asset PLOKS_CARS/toysupmk4_windowrr1a.yft uses 32.0 MiB of physical memory.
[38;5;73m[ citizen-server-impl] Asset PLOKS_CARS/toysupmk4_windowrr6.yft uses 32.0 MiB of physical memory.
[38;5;73m[ citizen-server-impl] Asset PLOKS_CARS/toysupmk4_windowrr7.yft uses 32.0 MiB of physical memory.
[38;5;73m[ citizen-server-impl] Asset PLOKS_CARS/toysupmk4_windowrr8.yft uses 32.0 MiB of physical memory.
[38;5;73m[ citizen-server-impl] Asset PLOKS_CARS/toysupmk4_windowrr9.yft uses 32.0 MiB of physical memory.
[38;5;73m[ citizen-server-impl] Asset PLOKS_CARS/toysupmk4_windshield10.yft uses 32.0 MiB of physical memory.
[38;5;73m[ citizen-server-impl] Asset PLOKS_CARS/toysupmk4_windshield11.yft uses 32.0 MiB of physical memory.
[38;5;73m[ citizen-server-impl] Asset PLOKS_CARS/toysupmk4_windshield12.yft uses 32.0 MiB of physical memory.
[38;5;73m[ citizen-server-impl] Asset PLOKS_CARS/toysupmk4_windshield6.yft uses 32.0 MiB of physical memory.
[38;5;73m[ citizen-server-impl] Asset PLOKS_CARS/toysupmk4_windshield7.yft uses 32.0 MiB of physical memory.
[38;5;73m[ citizen-server-impl] Asset PLOKS_CARS/toysupmk4_windshield8.yft uses 32.0 MiB of physical memory.
[38;5;73m[ citizen-server-impl] Asset PLOKS_CARS/toysupmk4_windshield9.yft uses 32.0 MiB of physical memory.
[38;5;73m[ citizen-server-impl] Asset PLOKS_CARS/tr22.yft uses 18.2 MiB of virtual memory.
[38;5;73m[ citizen-server-impl] Asset PLOKS_CARS/tr22.ytd uses 64.0 MiB of physical memory. Oversized assets can and WILL lead to streaming issues (models not loading/rendering, commonly known as 'texture loss', 'city bug' or 'streaming isn't great').
[38;5;73m[ citizen-server-impl] Asset PLOKS_CARS/tr22_hi.yft uses 18.2 MiB of virtual memory.
[38;5;73m[ citizen-server-impl] Asset PLOKS_CARS/trhawk.ytd uses 18.5 MiB of physical memory.
[38;5;73m[ citizen-server-impl] Asset PLOKS_CARS/trx.ytd uses 62.0 MiB of physical memory. Oversized assets can and WILL lead to streaming issues (models not loading/rendering, commonly known as 'texture loss', 'city bug' or 'streaming isn't great').
[38;5;73m[ citizen-server-impl] Asset PLOKS_CARS/trx_hi.yft uses 20.0 MiB of virtual memory.
[38;5;73m[ citizen-server-impl] Asset PLOKS_CARS/ttrs.ytd uses 36.0 MiB of physical memory.
[38;5;73m[ citizen-server-impl] Asset PLOKS_CARS/twingo.ytd uses 17.0 MiB of physical memory.
[38;5;73m[ citizen-server-impl] Asset PLOKS_CARS/urus.yft uses 17.5 MiB of virtual memory.
[38;5;73m[ citizen-server-impl] Asset PLOKS_CARS/urus.ytd uses 86.0 MiB of physical memory. Oversized assets can and WILL lead to streaming issues (models not loading/rendering, commonly known as 'texture loss', 'city bug' or 'streaming isn't great').
[38;5;73m[ citizen-server-impl] Asset PLOKS_CARS/urus_hi.yft uses 17.5 MiB of virtual memory.
[38;5;73m[ citizen-server-impl] Asset PLOKS_CARS/v250.yft uses 27.2 MiB of virtual memory.
[38;5;73m[ citizen-server-impl] Asset PLOKS_CARS/v250.ytd uses 80.0 MiB of physical memory. Oversized assets can and WILL lead to streaming issues (models not loading/rendering, commonly known as 'texture loss', 'city bug' or 'streaming isn't great').
[38;5;73m[ citizen-server-impl] Asset PLOKS_CARS/v250_hi.yft uses 17.8 MiB of virtual memory.
[38;5;73m[ citizen-server-impl] Asset PLOKS_CARS/vehicles_mk2100_interior.ytd uses 25.0 MiB of physical memory.
[38;5;73m[ citizen-server-impl] Asset PLOKS_CARS/vehshare.ytd uses 112.0 MiB of physical memory. Oversized assets can and WILL lead to streaming issues (models not loading/rendering, commonly known as 'texture loss', 'city bug' or 'streaming isn't great').
[38;5;73m[ citizen-server-impl] Asset PLOKS_CARS/veneno.ytd uses 192.0 MiB of physical memory. Oversized assets can and WILL lead to streaming issues (models not loading/rendering, commonly known as 'texture loss', 'city bug' or 'streaming isn't great').
[38;5;73m[ citizen-server-impl] Asset PLOKS_CARS/vwr.ytd uses 23.0 MiB of physical memory.
[38;5;73m[ citizen-server-impl] Asset PLOKS_CARS/vxr.yft uses 30.2 MiB of virtual memory.
[38;5;73m[ citizen-server-impl] Asset PLOKS_CARS/vxr_hi.yft uses 28.2 MiB of virtual memory.
[38;5;73m[ citizen-server-impl] Asset PLOKS_CARS/wheel_regalia1.ydr uses 48.0 MiB of physical memory.
[38;5;73m[ citizen-server-impl] Asset PLOKS_CARS/wheel_regalia2.ydr uses 48.0 MiB of physical memory.
[38;5;73m[ citizen-server-impl] Asset PLOKS_CARS/wheel_toysupmk4.ydr uses 24.0 MiB of physical memory.
[38;5;73m[ citizen-server-impl] Asset PLOKS_CARS/wheel_urus4.ydr uses 48.0 MiB of physical memory.
[38;5;73m[ citizen-server-impl] Asset PLOKS_CARS/wildtrak.yft uses 23.2 MiB of virtual memory.
[38;5;73m[ citizen-server-impl] Asset PLOKS_CARS/wildtrak.ytd uses 70.0 MiB of physical memory. Oversized assets can and WILL lead to streaming issues (models not loading/rendering, commonly known as 'texture loss', 'city bug' or 'streaming isn't great').
[38;5;73m[ citizen-server-impl] Asset PLOKS_CARS/wildtrak_hi.yft uses 23.2 MiB of virtual memory.
[38;5;73m[ citizen-server-impl] Asset PLOKS_CARS/wraith.yft uses 17.8 MiB of virtual memory.
[38;5;73m[ citizen-server-impl] Asset PLOKS_CARS/wraith_hi.yft uses 17.8 MiB of virtual memory.
[38;5;73m[ citizen-server-impl] Asset PLOKS_CARS/x5e53.yft uses 29.2 MiB of virtual memory.
[38;5;73m[ citizen-server-impl] Asset PLOKS_CARS/x5e53.ytd uses 71.0 MiB of physical memory. Oversized assets can and WILL lead to streaming issues (models not loading/rendering, commonly known as 'texture loss', 'city bug' or 'streaming isn't great').
[38;5;73m[ citizen-server-impl] Asset PLOKS_CARS/yFe458i1.yft uses 23.8 MiB of virtual memory.
[38;5;73m[ citizen-server-impl] Asset PLOKS_CARS/yFe458i1.ytd uses 68.0 MiB of physical memory. Oversized assets can and WILL lead to streaming issues (models not loading/rendering, commonly known as 'texture loss', 'city bug' or 'streaming isn't great').
[38;5;73m[ citizen-server-impl] Asset PLOKS_CARS/yFe458i1_hi.yft uses 23.8 MiB of virtual memory.
[38;5;73m[ citizen-server-impl] Asset PLOKS_CARS/yFe458i2.yft uses 23.2 MiB of virtual memory.
[38;5;73m[ citizen-server-impl] Asset PLOKS_CARS/yFe458i2.ytd uses 64.0 MiB of physical memory. Oversized assets can and WILL lead to streaming issues (models not loading/rendering, commonly known as 'texture loss', 'city bug' or 'streaming isn't great').
[38;5;73m[ citizen-server-impl] Asset PLOKS_CARS/yFe458i2_hi.yft uses 23.2 MiB of virtual memory.
[38;5;73m[ citizen-server-impl] Asset PLOKS_CARS/yFe458s1.yft uses 24.5 MiB of virtual memory.
[38;5;73m[ citizen-server-impl] Asset PLOKS_CARS/yFe458s1.ytd uses 52.0 MiB of physical memory. Oversized assets can and WILL lead to streaming issues (models not loading/rendering, commonly known as 'texture loss', 'city bug' or 'streaming isn't great').
[38;5;73m[ citizen-server-impl] Asset PLOKS_CARS/yFe458s1X.yft uses 24.6 MiB of virtual memory.
[38;5;73m[ citizen-server-impl] Asset PLOKS_CARS/yFe458s1X_hi.yft uses 24.6 MiB of virtual memory.
[38;5;73m[ citizen-server-impl] Asset PLOKS_CARS/yFe458s1_hi.yft uses 24.5 MiB of virtual memory.
[38;5;73m[ citizen-server-impl] Asset PLOKS_CARS/yFe458s2.yft uses 22.2 MiB of virtual memory.
[38;5;73m[ citizen-server-impl] Asset PLOKS_CARS/yFe458s2.ytd uses 64.0 MiB of physical memory. Oversized assets can and WILL lead to streaming issues (models not loading/rendering, commonly known as 'texture loss', 'city bug' or 'streaming isn't great').
[38;5;73m[ citizen-server-impl] Asset PLOKS_CARS/yFe458s2X.yft uses 22.2 MiB of virtual memory.
[38;5;73m[ citizen-server-impl] Asset PLOKS_CARS/yFe458s2X_hi.yft uses 22.2 MiB of virtual memory.
[38;5;73m[ citizen-server-impl] Asset PLOKS_CARS/yFe458s2_hi.yft uses 22.2 MiB of virtual memory.
[38;5;73m[ citizen-server-impl] Asset PLOKS_CARS/yFeF12A.yft uses 32.5 MiB of virtual memory.
[38;5;73m[ citizen-server-impl] Asset PLOKS_CARS/yFeF12A.ytd uses 128.0 MiB of physical memory. Oversized assets can and WILL lead to streaming issues (models not loading/rendering, commonly known as 'texture loss', 'city bug' or 'streaming isn't great').
[38;5;73m[ citizen-server-impl] Asset PLOKS_CARS/yFeF12A_hi.yft uses 32.5 MiB of virtual memory.
[38;5;73m[ citizen-server-impl] Asset PLOKS_CARS/yFeF12T.yft uses 32.0 MiB of virtual memory.
[38;5;73m[ citizen-server-impl] Asset PLOKS_CARS/yFeF12T.ytd uses 27.5 MiB of physical memory.
[38;5;73m[ citizen-server-impl] Asset PLOKS_CARS/yFeF12T_hi.yft uses 32.0 MiB of virtual memory.
[38;5;73m[ citizen-server-impl] Asset PLOKS_CARS/yPG205t16A.ytd uses 64.0 MiB of physical memory. Oversized assets can and WILL lead to streaming issues (models not loading/rendering, commonly known as 'texture loss', 'city bug' or 'streaming isn't great').
[38;5;73m[ citizen-server-impl] Asset PLOKS_CARS/yPG205t16B.ytd uses 24.5 MiB of physical memory.
[38;5;73m[ citizen-server-impl] Asset PLOKS_CARS/z32.ytd uses 59.0 MiB of physical memory. Oversized assets can and WILL lead to streaming issues (models not loading/rendering, commonly known as 'texture loss', 'city bug' or 'streaming isn't great').
[38;5;73m[ citizen-server-impl] Asset PLOKS_CARS/z32_bridebrix_black.yft uses 32.0 MiB of physical memory.
[38;5;73m[ citizen-server-impl] Asset PLOKS_CARS/z32_bridebrix_hks.yft uses 32.0 MiB of physical memory.
[38;5;73m[ citizen-server-impl] Asset PLOKS_CARS/z32_bridebrix_purple.yft uses 32.0 MiB of physical memory.
[38;5;73m[ citizen-server-impl] Asset PLOKS_CARS/z32_bridebrix_red.yft uses 32.0 MiB of physical memory.
[38;5;73m[ citizen-server-impl] Asset PLOKS_CARS/z32_bridethrash_black.yft uses 32.0 MiB of physical memory.
[38;5;73m[ citizen-server-impl] Asset PLOKS_CARS/z32_bridethrash_blue.yft uses 32.0 MiB of physical memory.
[38;5;73m[ citizen-server-impl] Asset PLOKS_CARS/z32_bridethrash_red.yft uses 32.0 MiB of physical memory.
[38;5;73m[ citizen-server-impl] Asset PLOKS_CARS/z32_bridethrash_yellow.yft uses 32.0 MiB of physical memory.
[38;5;73m[ citizen-server-impl] Asset PLOKS_CARS/z32_moco_midship.yft uses 64.0 MiB of physical memory. Oversized assets can and WILL lead to streaming issues (models not loading/rendering, commonly known as 'texture loss', 'city bug' or 'streaming isn't great').
[38;5;73m[ citizen-server-impl] Asset PLOKS_CARS/z32_momo_race.yft uses 24.0 MiB of physical memory.
[38;5;73m[ citizen-server-impl] Asset PLOKS_CARS/z32_nardi_classic.yft uses 24.0 MiB of physical memory.
[38;5;73m[ citizen-server-impl] Asset PLOKS_CARS/z32_nardi_corn1.yft uses 24.0 MiB of physical memory.
[38;5;73m[ citizen-server-impl] Asset PLOKS_CARS/z32_nardi_corn2.yft uses 24.0 MiB of physical memory.
[38;5;73m[ citizen-server-impl] Asset PLOKS_CARS/z32_prospats.yft uses 96.0 MiB of physical memory. Oversized assets can and WILL lead to streaming issues (models not loading/rendering, commonly known as 'texture loss', 'city bug' or 'streaming isn't great').
[38;5;73m[ citizen-server-impl] Asset PLOKS_CARS/z32_recaro_base.yft uses 32.0 MiB of physical memory.
[38;5;73m[ citizen-server-impl] Asset PLOKS_CARS/z32_recaro_hks.yft uses 32.0 MiB of physical memory.
[38;5;73m[ citizen-server-impl] Asset PLOKS_CARS/z32_recaro_nismo.yft uses 32.0 MiB of physical memory.
[38;5;73m[ citizen-server-impl] Asset PLOKS_CARS/z32_vertex3.yft uses 64.0 MiB of physical memory. Oversized assets can and WILL lead to streaming issues (models not loading/rendering, commonly known as 'texture loss', 'city bug' or 'streaming isn't great').
[38;5;73m[ citizen-server-impl] Asset PLOKS_CARS/z419.yft uses 16.3 MiB of virtual memory.
[38;5;73m[ citizen-server-impl] Asset PLOKS_CARS/z419.ytd uses 112.0 MiB of physical memory. Oversized assets can and WILL lead to streaming issues (models not loading/rendering, commonly known as 'texture loss', 'city bug' or 'streaming isn't great').
[38;5;73m[ citizen-server-impl] Asset PLOKS_CARS/z419_hi.yft uses 16.3 MiB of virtual memory.
[38;5;73m[ citizen-server-impl] Started resource PLOKS_CARS
[38;5;73m[ citizen-server-impl] Asset lamhurdtm/610DTM.yft uses 16.5 MiB of virtual memory.
[38;5;73m[ citizen-server-impl] Asset lamhurdtm/610DTM.ytd uses 128.0 MiB of physical memory. Oversized assets can and WILL lead to streaming issues (models not loading/rendering, commonly known as 'texture loss', 'city bug' or 'streaming isn't great').
[38;5;73m[ citizen-server-impl] Asset lamhurdtm/610DTM_hi.yft uses 16.5 MiB of virtual memory.
[38;5;73m[ citizen-server-impl] Started resource lamhurdtm
[38;5;73m[ citizen-server-impl] Started resource mc-vehicleconfig
[38;5;84m[      script:monitor] [txAdminClient] Threads and commands set up. All Ready.
[38;5;73m[ citizen-server-impl] server thread hitch warning: timer interval of 2061 milliseconds
[38;5;150m[   script:PLOKS_CARS]     _/    _/ _/_/_/  ║                   Hey there! Yeah you, thanks for using my car pack!
[38;5;150m[   script:PLOKS_CARS]    _/  _/   _/    _/ ║
[38;5;150m[   script:PLOKS_CARS]   _/_/     _/    _/  ║ Got stuck? or have a question? or wanna chat with other users? join discord.khandesign.net.
[38;5;150m[   script:PLOKS_CARS]  _/  _/   _/    _/   ║
[38;5;150m[   script:PLOKS_CARS] _/    _/ _/_/_/      ║                   It looks like PLOKS_CARS is up to date, have fun!
[38;5;42m[      script:oxmysql] Database server connection established!
[38;5;42m[      script:oxmysql] [WARNING] qb-banking took 2062ms to execute a query!
[38;5;42m[      script:oxmysql]         SELECT * FROM bank_accounts WHERE account_type = ? ["Business"]
[38;5;42m[      script:oxmysql] [WARNING] qb-core took 2045ms to execute a query!
[38;5;42m[      script:oxmysql]         SELECT * FROM permissions []
[38;5;42m[      script:oxmysql] [WARNING] qb-houses took 2048ms to execute a query!
[38;5;42m[      script:oxmysql]         SELECT * FROM houselocations []
[38;5;42m[      script:oxmysql] [WARNING] qb-houses took 2049ms to execute a query!
[38;5;42m[      script:oxmysql]         SELECT * FROM player_houses []
[38;5;42m[      script:oxmysql] [WARNING] qb-lapraces took 2051ms to execute a query!
[38;5;42m[      script:oxmysql]         SELECT * FROM lapraces []
[38;5;42m[      script:oxmysql] [WARNING] qb-spawn took 2052ms to execute a query!
[38;5;42m[      script:oxmysql]         SELECT * FROM houselocations []
[38;5;42m[      script:oxmysql] [WARNING] qb-weed took 132ms to execute a query!
[38;5;42m[      script:oxmysql]         SELECT * FROM house_plants []
[38;5;42m[      script:oxmysql] [WARNING] qb-weed took 136ms to execute a query!
[38;5;42m[      script:oxmysql]         SELECT * FROM house_plants []
[38;5;133m[     script:dpemotes] 
[38;5;133m[     script:dpemotes] dp Emotes (dpemotes) is up to date. (173)
[38;5;73m[ citizen-server-impl]         fff                          
[38;5;73m[ citizen-server-impl]   cccc ff   xx  xx     rr rr    eee  
[38;5;73m[ citizen-server-impl] cc     ffff   xx       rrr  r ee   e 
[38;5;73m[ citizen-server-impl] cc     ff     xx   ... rr     eeeee  
[38;5;73m[ citizen-server-impl]  ccccc ff   xx  xx ... rr      eeeee 
[38;5;73m[ citizen-server-impl]                                      
[38;5;73m[ citizen-server-impl] Authenticated with cfx.re Nucleus: https://voltage-rp-rlbrrp.users.cfx.re/
[38;5;73m[ citizen-server-impl] -- [server notice: tebex_not_set]
[38;5;73m[ citizen-server-impl] ================
[38;5;73m[ citizen-server-impl] Monetize your server using Tebex! Visit https://tebex.io/fivem for more info.
[38;5;73m[ citizen-server-impl] ================
[38;5;73m[ citizen-server-impl] 
[38;5;73m[ citizen-server-impl] sync thread hitch warning: timer interval of 126 milliseconds
[38;5;73m[ citizen-server-impl] sync thread hitch warning: timer interval of 244 milliseconds
[38;5;73m[ citizen-server-impl] network thread hitch warning: timer interval of 246 milliseconds
[38;5;73m[ citizen-server-impl] server thread hitch warning: timer interval of 246 milliseconds
[38;5;73m[ citizen-server-impl] network thread hitch warning: timer interval of 170 milliseconds
[38;5;73m[ citizen-server-impl] sync thread hitch warning: timer interval of 163 milliseconds
[38;5;73m[ citizen-server-impl] server thread hitch warning: timer interval of 182 milliseconds
[38;5;73m[ citizen-server-impl] network thread hitch warning: timer interval of 248 milliseconds
[38;5;73m[ citizen-server-impl] sync thread hitch warning: timer interval of 241 milliseconds
[38;5;73m[ citizen-server-impl] server thread hitch warning: timer interval of 293 milliseconds
[38;5;73m[ citizen-server-impl] sync thread hitch warning: timer interval of 105 milliseconds
